==============================================================================
EKF vs Complementary Filter Test - Robust Sensor Initialization
Session started: Thu Nov 13 02:05:38 UTC 2025
Test arguments: 1 --gyro
Log file: crash_logs/test_ekf_2025-11-12_19-05-38.log
==============================================================================
[1;33mAcquiring wakelock...[0m
[0;32m✓ Wakelock acquired[0m

[1;33mSensor initialization attempt 1/3[0m
[1;33mCleaning up sensor processes...[0m
[0;32m✓ Sensor cleanup complete[0m
[1;33mValidating accelerometer access...[0m
[0;32m✓ Accelerometer responding correctly[0m

[1;33mGPS initialization attempt 1/3[0m
[1;33mCleaning up GPS processes...[0m
[0;32m✓ GPS cleanup complete[0m
[1;33mValidating GPS API service...[0m
[0;32m✓ GPS API responding correctly[0m

[0;32m✓ Sensor ready, starting test in 2 seconds...[0m
[0;32mStarting Python test...[0m

[AccelDaemon] Parsed JSON #1
[AccelDaemon] Parsed JSON #2
[AccelDaemon] Parsed JSON #3
[GPS _read_loop] Thread started
[GPSDaemon] stderr: [GPS Wrapper] Starting (poll_interval=5s, max_starvation=300.0s)
[GPS _read_loop] Fix #1 queued (lat=32.2160, queue_size=1, queue_id=528522062032)
[GPSDaemon] stderr: [GPS] ✓ Fix #1 acquired
[GyroDaemon] Starting shared queue reader
[GPS_LOOP] Started
[GyroDaemon] Accel daemon alive: True
[ACCEL_LOOP] Started
[GYRO_LOOP] Started
[GYRO_LOOP] Processed sample #1
[ACCEL_LOOP] Processed sample #1

[DEBUG] Test start time: 1762999557.659387, End time target: 1762999621.998289, Duration: 1 min (60 sec)[00:04] STATUS: Memory=93.4MB (peak=93.4MB) | GPS=   1 (ALIVE) | Accel=    0 (ALIVE) | Gyro=    1
[ACCEL_LOOP] Processed sample #2
[GyroDaemon] Transferred sample #1: x=0.0002

[ACCEL_LOOP] Processed sample #3
[GyroDaemon] Transferred sample #2: x=-0.0003
[GYRO_LOOP] Processed sample #2
[GyroDaemon] Transferred sample #3: x=-0.0003
[ACCEL_LOOP] Processed sample #4
[GyroDaemon] Transferred sample #4: x=-0.0003
[ACCEL_LOOP] Processed sample #5
[GyroDaemon] Transferred sample #5: x=0.0000
[GYRO_LOOP] Processed sample #3
[GYRO_LOOP] Processed sample #4
[GYRO_LOOP] Processed sample #5
[GPS_LOOP] get_data() returned None (check #1), queue_size=0, queue_id=528522062032
[AccelDaemon] Parsed JSON #100
[GyroDaemon] Transferred sample #100: x=0.0000
[GYRO_LOOP] Processed sample #100
[GPS_LOOP] get_data() returned None (check #1), queue_size=0, queue_id=528522062032
[ACCEL_LOOP] Processed sample #100
[GPS_LOOP] get_data() returned None (check #1), queue_size=0, queue_id=528522062032
[GPS_LOOP] get_data() returned None (check #1), queue_size=0, queue_id=528522062032
[GPSDaemon] stderr: [GPS] ✓ Fix #2 acquired
[GPS _read_loop] Fix #2 queued (lat=32.2160, queue_size=1, queue_id=528522062032)
[GPS_LOOP] ✓ get_data() SUCCESS (sample #1), lat=32.2160
[AccelDaemon] Parsed JSON #200
[GyroDaemon] Transferred sample #200: x=0.0000
[GYRO_LOOP] Processed sample #200
[ACCEL_LOOP] Processed sample #200
[GPSDaemon] stderr: [GPS] ✓ Fix #3 acquired
[GPS _read_loop] Fix #3 queued (lat=32.2160, queue_size=1, queue_id=528522062032)
[AccelDaemon] Parsed JSON #300
[GyroDaemon] Transferred sample #300: x=-0.0003
[GYRO_LOOP] Processed sample #300
[ACCEL_LOOP] Processed sample #300
[GPSDaemon] stderr: [GPS] ✓ Fix #4 acquired
[GPS _read_loop] Fix #4 queued (lat=32.2160, queue_size=2, queue_id=528522062032)
[AccelDaemon] Parsed JSON #400
[GyroDaemon] Transferred sample #400: x=0.0012
[GYRO_LOOP] Processed sample #400
[ACCEL_LOOP] Processed sample #400
[GPSDaemon] stderr: [GPS] ✓ Fix #5 acquired
[GPS _read_loop] Fix #5 queued (lat=32.2160, queue_size=3, queue_id=528522062032)
[AccelDaemon] Parsed JSON #500
[GyroDaemon] Transferred sample #500: x=0.0003
[GYRO_LOOP] Processed sample #500
[ACCEL_LOOP] Processed sample #500
[GPSDaemon] stderr: [GPS] ✓ Fix #6 acquired
[GPS _read_loop] Fix #6 queued (lat=32.2160, queue_size=4, queue_id=528522062032)
[AccelDaemon] Parsed JSON #600
[GyroDaemon] Transferred sample #600: x=-0.0002
[GYRO_LOOP] Processed sample #600
[ACCEL_LOOP] Processed sample #600
[GPS _read_loop] Fix #7 queued (lat=32.2160, queue_size=5, queue_id=528522062032)
[GPSDaemon] stderr: [GPS] ✓ Fix #7 acquired
[AccelDaemon] Parsed JSON #700
[GyroDaemon] Transferred sample #700: x=-0.0002
[GYRO_LOOP] Processed sample #700
[ACCEL_LOOP] Processed sample #700
[GPS _read_loop] Fix #8 queued (lat=32.2160, queue_size=6, queue_id=528522062032)
[GPSDaemon] stderr: [GPS] ✓ Fix #8 acquired

⚠️ GPS SILENT for 31.0s - triggering auto-restart
  → GPS already alive (concurrent restart won)
  ✓ GPS restarted, resuming data collection
[AccelDaemon] Parsed JSON #800
[GyroDaemon] Transferred sample #800: x=0.0002
[GYRO_LOOP] Processed sample #800
[ACCEL_LOOP] Processed sample #800
[GPSDaemon] stderr: [GPS] ✓ Fix #9 acquired
[GPS _read_loop] Fix #9 queued (lat=32.2160, queue_size=7, queue_id=528522062032)
[AccelDaemon] Parsed JSON #900
[GyroDaemon] Transferred sample #900: x=0.0003
[GYRO_LOOP] Processed sample #900
[ACCEL_LOOP] Processed sample #900
[GPS _read_loop] Fix #10 queued (lat=32.2160, queue_size=8, queue_id=528522062032)
[GPSDaemon] stderr: [GPS] ✓ Fix #10 acquired
[AccelDaemon] Parsed JSON #1000
[GyroDaemon] Transferred sample #1000: x=-0.0002
[GYRO_LOOP] Processed sample #1000
[ACCEL_LOOP] Processed sample #1000
[GPS _read_loop] Fix #11 queued (lat=32.2160, queue_size=9, queue_id=528522062032)
[GPSDaemon] stderr: [GPS] ✓ Fix #11 acquired
[AccelDaemon] Parsed JSON #1100
[GyroDaemon] Transferred sample #1100: x=0.0005
[GYRO_LOOP] Processed sample #1100
[ACCEL_LOOP] Processed sample #1100
[GPSDaemon] stderr: [GPS] ✓ Fix #12 acquired
[GPS _read_loop] Fix #12 queued (lat=32.2160, queue_size=10, queue_id=528522062032)
[AccelDaemon] Parsed JSON #1200
[GyroDaemon] Transferred sample #1200: x=0.0003
[GYRO_LOOP] Processed sample #1200
[ACCEL_LOOP] Processed sample #1200

[DEBUG] Loop exited after 64.6s. Stop event: False, Time check: False
[AccelDaemon] Read loop exited. Parsed 1252 JSON objects, 20017 lines total
[GYRO_LOOP] Exited after processing 1251 samples
[GPSDaemon] stderr: [GPS] ✓ Fix #13 acquired
[GPS _read_loop] Fix #13 queued (lat=32.2160, queue_size=11, queue_id=528522062032)
[GPS _read_loop] Thread exiting (fixes_queued=13)

Configuration:
  Duration: 1 minutes
  Gyroscope: Enabled

Starting in 2 seconds...

====================================================================================================
REAL-TIME FILTER COMPARISON: EKF vs Complementary
====================================================================================================

✓ Initializing sensor (brief pause for cleanup)...
✓ Accelerometer daemon started (20Hz, paired IMU stream)
   Sensors: Accel + Gyro (paired from LSM6DSO chip)
   Process: termux-sensor (PID 27333)

✓ Accelerometer daemon started

✓ Validating sensor startup (waiting up to 10 seconds for accelerometer data)...
  [REQUIRED] Waiting for accelerometer samples...
  ✓ Accelerometer responding with data on attempt 1

✓ Calibrating accelerometer (collecting 20 stationary samples)...
  ✓ Gravity calibrated: 9.87 m/s²
    (collected 20 samples, range: 9.86-9.87)

✓ EKF filter initialized
✓ Complementary filter initialized

✓ Starting GPS daemon (continuous polling)...
  ✓ GPS daemon started (polling termux-location continuously)
  ⏱ Waiting for first GPS fix (up to 30 seconds)...
  Waiting for GPS... (1.0s)
  Waiting for GPS... (2.0s)
  ✓ GPS lock acquired: 32.2160, -110.8433 (latency: 2.2s)
  ✓ First GPS fix processed and added to test data

✓ Initializing gyroscope (optional, will fallback if unavailable)...
✓ Gyroscope daemon started (shared IMU stream)
   Sensor: lsm6dso LSM6DSO Gyroscope Non-wakeup (paired)
   Source: Shared with Accelerometer daemon (same hardware)
  ✓ Gyroscope daemon started (using shared IMU stream)
  Note: Gyroscope data will be collected during test run

✓ Running for 1 minutes...

[00:04] 13D GYRO-EKF METRICS
===========================================================================
Bias Magnitude:      0.000000 rad/s  [⏳ Learning...]
  └─ Stability (σ):  0.000000 rad/s

Quaternion Norm:     1.000000  [✓ HEALTHY]
  └─ Error:          0.000000

Gyro Residual:       0.000458 rad/s
  └─ Std Dev:        0.000000 rad/s

Incident Detection:
  Hard Braking:        0 events
  Swerving:            0 events

Overall Status:      ✓ HEALTHY
===========================================================================

✓ Auto-saving data (1 GPS, 260 accel samples)...
✓ Auto-saved (autosave #1): /data/data/com.termux/files/home/gojo/motion_tracker_v2/../motion_tracker_sessions/comparison_20251112_190557.json.gz | Total: 1 GPS + 260 accel | Deques cleared

✓ Auto-saving data (0 GPS, 296 accel samples)...
✓ Auto-saved (autosave #2): /data/data/com.termux/files/home/gojo/motion_tracker_v2/../motion_tracker_sessions/comparison_20251112_190557.json.gz | Total: 1 GPS + 556 accel | Deques cleared

✓ Auto-saving data (0 GPS, 296 accel samples)...
✓ Auto-saved (autosave #3): /data/data/com.termux/files/home/gojo/motion_tracker_v2/../motion_tracker_sessions/comparison_20251112_190557.json.gz | Total: 1 GPS + 852 accel | Deques cleared

✓ Auto-saving data (0 GPS, 295 accel samples)...
✓ Auto-saved (autosave #4): /data/data/com.termux/files/home/gojo/motion_tracker_v2/../motion_tracker_sessions/comparison_20251112_190557.json.gz | Total: 1 GPS + 1147 accel | Deques cleared

✓ Final save data assembly:
  Accumulated GPS: 1
  Current deque GPS: 0
  Final GPS: 1
  Accumulated Accel: 1147
  Current deque Accel: 79
  Final Accel: 1226
✓ Validation metrics saved to: /data/data/com.termux/files/home/gojo/motion_tracker_v2/../motion_tracker_sessions/metrics_20251112_190557.json

✓ Final results saved:
  /data/data/com.termux/files/home/gojo/motion_tracker_v2/../motion_tracker_sessions/comparison_20251112_190557.json
  /data/data/com.termux/files/home/gojo/motion_tracker_v2/../motion_tracker_sessions/comparison_20251112_190557.json.gz
✓ Peak memory usage: 93.4 MB
✓ Multi-track GPX saved: /data/data/com.termux/files/home/gojo/motion_tracker_v2/../motion_tracker_sessions/comparison_20251112_190557.gpx

====================================================================================================
FINAL COMPARISON SUMMARY
====================================================================================================

Final Velocities:
  EKF:           0.000 m/s
  Complementary: 0.000 m/s

Gyroscope Statistics:
  Total samples:  79
  X-rotation (rad/s):  mean=-0.0001, max=0.0005
  Y-rotation (rad/s):  mean=0.0001, max=0.0008
  Z-rotation (rad/s):  mean=0.0001, max=0.0008
  Overall magnitude:   mean=0.0004, max=0.0008

====================================================================================================

[1;33mTest finished, performing final cleanup...[0m
[1;33mReleasing wakelock...[0m
[0;32m✓ Wakelock released[0m
[1;33mCleaning up sensor processes...[0m
[0;32m✓ Sensor cleanup complete[0m
[0;32m✓ Test completed successfully[0m
