==============================================================================
EKF vs Complementary Filter Test - Robust Sensor Initialization
Session started: Thu Nov 13 01:58:41 UTC 2025
Test arguments: 2 --gyro
Log file: crash_logs/test_ekf_2025-11-12_18-58-41.log
==============================================================================
[1;33mAcquiring wakelock...[0m
[0;32m✓ Wakelock acquired[0m

[1;33mSensor initialization attempt 1/3[0m
[1;33mCleaning up sensor processes...[0m
[0;32m✓ Sensor cleanup complete[0m
[1;33mValidating accelerometer access...[0m
[0;31m✗ Accelerometer validation failed[0m
[0;31mOutput received:[0m
Terminated                 /data/data/com.termux/files/usr/libexec/termux-api Sensor "$@"
Caught interrupt.. Finishing...
Performing sensor cleanup
Sensor cleanup successful!
[1;33mRetrying in 3 seconds...[0m

[1;33mSensor initialization attempt 2/3[0m
[1;33mCleaning up sensor processes...[0m
[0;32m✓ Sensor cleanup complete[0m
[1;33mValidating accelerometer access...[0m
[0;32m✓ Accelerometer responding correctly[0m

[1;33mGPS initialization attempt 1/3[0m
[1;33mCleaning up GPS processes...[0m
[0;32m✓ GPS cleanup complete[0m
[1;33mValidating GPS API service...[0m
[0;32m✓ GPS API responding correctly[0m

[0;32m✓ Sensor ready, starting test in 2 seconds...[0m
[0;32mStarting Python test...[0m

[AccelDaemon] Parsed JSON #1
[AccelDaemon] Parsed JSON #2
[AccelDaemon] Parsed JSON #3
[GPS _read_loop] Thread started
[GPSDaemon] stderr: [GPS Wrapper] Starting (poll_interval=5s, max_starvation=300.0s)
[GPS _read_loop] Fix #1 queued (lat=32.2160, queue_size=1, queue_id=518100394656)
[GyroDaemon] Starting shared queue reader
[GPSDaemon] stderr: [GPS] ✓ Fix #1 acquired
[GPS_LOOP] Started
[ACCEL_LOOP] Started
[ACCEL_LOOP] Processed sample #1
[ACCEL_LOOP] Processed sample #2
[ACCEL_LOOP] Processed sample #3
[ACCEL_LOOP] Processed sample #4
[GyroDaemon] Accel daemon alive: True
[GyroDaemon] Transferred sample #1: x=0.0000
[GyroDaemon] Transferred sample #2: x=0.0000
[GyroDaemon] Transferred sample #3: x=0.0000
[ACCEL_LOOP] Processed sample #5
[GyroDaemon] Transferred sample #4: x=0.0000
[GYRO_LOOP] Started

[DEBUG] Test start time: 1762999154.85954, End time target: 1762999279.9973187, Duration: 2 min (120 sec)
[GYRO_LOOP] Processed sample #1
[GyroDaemon] Transferred sample #5: x=0.0006
[00:05] STATUS: Memory=93.2MB (peak=93.2MB) | GPS=   1 (ALIVE) | Accel=   60 (ALIVE) | Gyro=    0
[GYRO_LOOP] Processed sample #2
[GYRO_LOOP] Processed sample #3
[GYRO_LOOP] Processed sample #4
[GYRO_LOOP] Processed sample #5
[AccelDaemon] Parsed JSON #100
[GyroDaemon] Transferred sample #100: x=0.0000
[GYRO_LOOP] Processed sample #100
[GPS_LOOP] get_data() returned None (check #1), queue_size=0, queue_id=518100394656
[GPS_LOOP] get_data() returned None (check #1), queue_size=0, queue_id=518100394656
[ACCEL_LOOP] Processed sample #100
[GPS_LOOP] get_data() returned None (check #1), queue_size=0, queue_id=518100394656
[GPS _read_loop] Fix #2 queued (lat=32.2160, queue_size=1, queue_id=518100394656)
[GPSDaemon] stderr: [GPS] ✓ Fix #2 acquired
[GPS_LOOP] ✓ get_data() SUCCESS (sample #1), lat=32.2160
[AccelDaemon] Parsed JSON #200
[GyroDaemon] Transferred sample #200: x=0.0000
[GYRO_LOOP] Processed sample #200
[ACCEL_LOOP] Processed sample #200
[GPSDaemon] stderr: [GPS] ✓ Fix #3 acquired
[GPS _read_loop] Fix #3 queued (lat=32.2160, queue_size=1, queue_id=518100394656)
[AccelDaemon] Parsed JSON #300
[GyroDaemon] Transferred sample #300: x=0.0000
[GYRO_LOOP] Processed sample #300
[ACCEL_LOOP] Processed sample #300
[GPSDaemon] stderr: [GPS] ✓ Fix #4 acquired
[GPS _read_loop] Fix #4 queued (lat=32.2160, queue_size=2, queue_id=518100394656)
[AccelDaemon] Parsed JSON #400
[GyroDaemon] Transferred sample #400: x=-0.0003
[GYRO_LOOP] Processed sample #400
[ACCEL_LOOP] Processed sample #400
[GPS _read_loop] Fix #5 queued (lat=32.2160, queue_size=3, queue_id=518100394656)
[GPSDaemon] stderr: [GPS] ✓ Fix #5 acquired
[AccelDaemon] Parsed JSON #500
[GyroDaemon] Transferred sample #500: x=-0.0002
[GYRO_LOOP] Processed sample #500
[ACCEL_LOOP] Processed sample #500
[GPS _read_loop] Fix #6 queued (lat=32.2160, queue_size=4, queue_id=518100394656)
[GPSDaemon] stderr: [GPS] ✓ Fix #6 acquired
[AccelDaemon] Parsed JSON #600
[GyroDaemon] Transferred sample #600: x=0.0000
[GYRO_LOOP] Processed sample #600
[ACCEL_LOOP] Processed sample #600
[GPSDaemon] stderr: [GPS] ✓ Fix #7 acquired
[GPS _read_loop] Fix #7 queued (lat=32.2160, queue_size=5, queue_id=518100394656)
[AccelDaemon] Parsed JSON #700
[GyroDaemon] Transferred sample #700: x=0.0000
[GYRO_LOOP] Processed sample #700
[ACCEL_LOOP] Processed sample #700

⚠️ GPS SILENT for 30.3s - triggering auto-restart
  → GPS already alive (concurrent restart won)
  ✓ GPS restarted, resuming data collection
[GPSDaemon] stderr: [GPS] ✓ Fix #8 acquired
[GPS _read_loop] Fix #8 queued (lat=32.2160, queue_size=6, queue_id=518100394656)
[AccelDaemon] Parsed JSON #800
[GyroDaemon] Transferred sample #800: x=-0.0002
[GYRO_LOOP] Processed sample #800
[ACCEL_LOOP] Processed sample #800
[GPS _read_loop] Fix #9 queued (lat=32.2160, queue_size=7, queue_id=518100394656)
[GPSDaemon] stderr: [GPS] ✓ Fix #9 acquired
[AccelDaemon] Parsed JSON #900
[GyroDaemon] Transferred sample #900: x=0.0000
[GYRO_LOOP] Processed sample #900
[ACCEL_LOOP] Processed sample #900
[GPS _read_loop] Fix #10 queued (lat=32.2160, queue_size=8, queue_id=518100394656)
[GPSDaemon] stderr: [GPS] ✓ Fix #10 acquired
[AccelDaemon] Parsed JSON #1000
[GyroDaemon] Transferred sample #1000: x=0.0000
[GYRO_LOOP] Processed sample #1000
[ACCEL_LOOP] Processed sample #1000
[GPSDaemon] stderr: [GPS] ✓ Fix #11 acquired
[GPS _read_loop] Fix #11 queued (lat=32.2160, queue_size=9, queue_id=518100394656)
[AccelDaemon] Parsed JSON #1100
[GyroDaemon] Transferred sample #1100: x=-0.0003
[GYRO_LOOP] Processed sample #1100
[ACCEL_LOOP] Processed sample #1100
[GPS _read_loop] Fix #12 queued (lat=32.2160, queue_size=10, queue_id=518100394656)
[GPSDaemon] stderr: [GPS] ✓ Fix #12 acquired
[AccelDaemon] Parsed JSON #1200
[GyroDaemon] Transferred sample #1200: x=-0.0002
[GYRO_LOOP] Processed sample #1200
[ACCEL_LOOP] Processed sample #1200
[GPS _read_loop] Fix #13 queued (lat=32.2160, queue_size=11, queue_id=518100394656)
[GPSDaemon] stderr: [GPS] ✓ Fix #13 acquired
[AccelDaemon] Parsed JSON #1300
[GyroDaemon] Transferred sample #1300: x=0.0002
[GYRO_LOOP] Processed sample #1300
[ACCEL_LOOP] Processed sample #1300

⚠️ GPS SILENT for 30.0s - triggering auto-restart
  → GPS already alive (concurrent restart won)
  ✓ GPS restarted, resuming data collection
[GPS _read_loop] Fix #14 queued (lat=32.2160, queue_size=12, queue_id=518100394656)
[GPSDaemon] stderr: [GPS] ✓ Fix #14 acquired
[AccelDaemon] Parsed JSON #1400
[GyroDaemon] Transferred sample #1400: x=-0.0002
[GYRO_LOOP] Processed sample #1400
[ACCEL_LOOP] Processed sample #1400
[GPSDaemon] stderr: [GPS] ✓ Fix #15 acquired
[GPS _read_loop] Fix #15 queued (lat=32.2160, queue_size=13, queue_id=518100394656)
[AccelDaemon] Parsed JSON #1500
[GyroDaemon] Transferred sample #1500: x=0.0003
[GYRO_LOOP] Processed sample #1500
[ACCEL_LOOP] Processed sample #1500
[GPSDaemon] stderr: [GPS] ✓ Fix #16 acquired
[GPS _read_loop] Fix #16 queued (lat=32.2160, queue_size=14, queue_id=518100394656)
[AccelDaemon] Parsed JSON #1600
[GyroDaemon] Transferred sample #1600: x=0.0000
[GYRO_LOOP] Processed sample #1600
[ACCEL_LOOP] Processed sample #1600
[GPS _read_loop] Fix #17 queued (lat=32.2160, queue_size=15, queue_id=518100394656)
[GPSDaemon] stderr: [GPS] ✓ Fix #17 acquired
[AccelDaemon] Parsed JSON #1700
[GyroDaemon] Transferred sample #1700: x=0.0000
[GYRO_LOOP] Processed sample #1700
[ACCEL_LOOP] Processed sample #1700
[GPSDaemon] stderr: [GPS] ✓ Fix #18 acquired
[GPS _read_loop] Fix #18 queued (lat=32.2160, queue_size=16, queue_id=518100394656)
[AccelDaemon] Parsed JSON #1800
[GyroDaemon] Transferred sample #1800: x=0.0005
[GYRO_LOOP] Processed sample #1800
[ACCEL_LOOP] Processed sample #1800
[GPSDaemon] stderr: [GPS] ✓ Fix #19 acquired
[GPS _read_loop] Fix #19 queued (lat=32.2160, queue_size=17, queue_id=518100394656)
[AccelDaemon] Parsed JSON #1900
[GyroDaemon] Transferred sample #1900: x=0.0000
[GYRO_LOOP] Processed sample #1900
[ACCEL_LOOP] Processed sample #1900

⚠️ GPS SILENT for 30.0s - triggering auto-restart
  → GPS already alive (concurrent restart won)
  ✓ GPS restarted, resuming data collection
[GPS _read_loop] Fix #20 queued (lat=32.2160, queue_size=18, queue_id=518100394656)
[GPSDaemon] stderr: [GPS] ✓ Fix #20 acquired
[AccelDaemon] Parsed JSON #2000
[GyroDaemon] Transferred sample #2000: x=0.0000
[GYRO_LOOP] Processed sample #2000
[ACCEL_LOOP] Processed sample #2000
[GPSDaemon] stderr: [GPS] ✓ Fix #21 acquired
[GPS _read_loop] Fix #21 queued (lat=32.2160, queue_size=19, queue_id=518100394656)
[AccelDaemon] Parsed JSON #2100
[GyroDaemon] Transferred sample #2100: x=-0.0002
[GYRO_LOOP] Processed sample #2100
[ACCEL_LOOP] Processed sample #2100
[GPS _read_loop] Fix #22 queued (lat=32.2160, queue_size=20, queue_id=518100394656)
[GPSDaemon] stderr: [GPS] ✓ Fix #22 acquired
[AccelDaemon] Parsed JSON #2200
[GyroDaemon] Transferred sample #2200: x=0.0000
[GYRO_LOOP] Processed sample #2200
[ACCEL_LOOP] Processed sample #2200
[GPSDaemon] stderr: [GPS] ✓ Fix #23 acquired
[GPS _read_loop] Fix #23 queued (lat=32.2160, queue_size=21, queue_id=518100394656)

[1;33mTest finished, performing final cleanup...[0m
[1;33mReleasing wakelock...[0m
[0;32m✓ Wakelock released[0m
[1;33mCleaning up sensor processes...[0m
[0;32m✓ Sensor cleanup complete[0m
===================================================================
CRASH/ERROR DETECTED
===================================================================
Exit code: 143
Signal: SIGTERM (15)
Test: test_ekf.sh 
Timestamp: Thu Nov 13 02:01:18 UTC 2025
Log file: crash_logs/test_ekf_2025-11-12_18-58-41.log

LAST 50 LINES OF OUTPUT:
[AccelDaemon] Parsed JSON #1800
[GyroDaemon] Transferred sample #1800: x=0.0005
[GYRO_LOOP] Processed sample #1800
[ACCEL_LOOP] Processed sample #1800
[GPSDaemon] stderr: [GPS] ✓ Fix #19 acquired
[GPS _read_loop] Fix #19 queued (lat=32.2160, queue_size=17, queue_id=518100394656)
[AccelDaemon] Parsed JSON #1900
[GyroDaemon] Transferred sample #1900: x=0.0000
[GYRO_LOOP] Processed sample #1900
[ACCEL_LOOP] Processed sample #1900

⚠️ GPS SILENT for 30.0s - triggering auto-restart
  → GPS already alive (concurrent restart won)
  ✓ GPS restarted, resuming data collection
[GPS _read_loop] Fix #20 queued (lat=32.2160, queue_size=18, queue_id=518100394656)
[GPSDaemon] stderr: [GPS] ✓ Fix #20 acquired
[AccelDaemon] Parsed JSON #2000
[GyroDaemon] Transferred sample #2000: x=0.0000
[GYRO_LOOP] Processed sample #2000
[ACCEL_LOOP] Processed sample #2000
[GPSDaemon] stderr: [GPS] ✓ Fix #21 acquired
[GPS _read_loop] Fix #21 queued (lat=32.2160, queue_size=19, queue_id=518100394656)
[AccelDaemon] Parsed JSON #2100
[GyroDaemon] Transferred sample #2100: x=-0.0002
[GYRO_LOOP] Processed sample #2100
[ACCEL_LOOP] Processed sample #2100
[GPS _read_loop] Fix #22 queued (lat=32.2160, queue_size=20, queue_id=518100394656)
[GPSDaemon] stderr: [GPS] ✓ Fix #22 acquired
[AccelDaemon] Parsed JSON #2200
[GyroDaemon] Transferred sample #2200: x=0.0000
[GYRO_LOOP] Processed sample #2200
[ACCEL_LOOP] Processed sample #2200
[GPSDaemon] stderr: [GPS] ✓ Fix #23 acquired
[GPS _read_loop] Fix #23 queued (lat=32.2160, queue_size=21, queue_id=518100394656)

[1;33mTest finished, performing final cleanup...[0m
[1;33mReleasing wakelock...[0m
[0;32m✓ Wakelock released[0m
[cleanup_sensors] Starting
[cleanup_sensors] Complete
===================================================================
CRASH/ERROR DETECTED
===================================================================
Exit code: 143
Signal: SIGTERM (15)
Test: test_ekf.sh 
Timestamp: Thu Nov 13 02:01:18 UTC 2025
Log file: crash_logs/test_ekf_2025-11-12_18-58-41.log

LAST 50 LINES OF OUTPUT:
===================================================================

[0;31m✗ TEST CRASHED - Exit code 143[0m
[0;31m  Signal: SIGTERM (15)[0m
[0;31m  Log: crash_logs/test_ekf_2025-11-12_18-58-41.log[0m
[0;31m  View all crashes: python3 crash_logger.py show[0m

[1;33mTest finished, performing final cleanup...[0m
[1;33mReleasing wakelock...[0m
[0;32m✓ Wakelock released[0m
[1;33mCleaning up sensor processes...[0m
[0;32m✓ Sensor cleanup complete[0m
===================================================================
CRASH/ERROR DETECTED
===================================================================
Exit code: 143
Signal: SIGTERM (15)
Test: test_ekf.sh 
Timestamp: Thu Nov 13 02:01:23 UTC 2025
Log file: crash_logs/test_ekf_2025-11-12_18-58-41.log

LAST 50 LINES OF OUTPUT:
[GyroDaemon] Transferred sample #2000: x=0.0000
[GYRO_LOOP] Processed sample #2000
[ACCEL_LOOP] Processed sample #2000
[GPSDaemon] stderr: [GPS] ✓ Fix #21 acquired
[GPS _read_loop] Fix #21 queued (lat=32.2160, queue_size=19, queue_id=518100394656)
[AccelDaemon] Parsed JSON #2100
[GyroDaemon] Transferred sample #2100: x=-0.0002
[GYRO_LOOP] Processed sample #2100
[ACCEL_LOOP] Processed sample #2100
[GPS _read_loop] Fix #22 queued (lat=32.2160, queue_size=20, queue_id=518100394656)
[GPSDaemon] stderr: [GPS] ✓ Fix #22 acquired
[AccelDaemon] Parsed JSON #2200
[GyroDaemon] Transferred sample #2200: x=0.0000
[GYRO_LOOP] Processed sample #2200
[ACCEL_LOOP] Processed sample #2200
[GPSDaemon] stderr: [GPS] ✓ Fix #23 acquired
[GPS _read_loop] Fix #23 queued (lat=32.2160, queue_size=21, queue_id=518100394656)

[1;33mTest finished, performing final cleanup...[0m
[1;33mReleasing wakelock...[0m
[0;32m✓ Wakelock released[0m
[cleanup_sensors] Starting
[cleanup_sensors] Complete
===================================================================
CRASH/ERROR DETECTED
===================================================================
Exit code: 143
Signal: SIGTERM (15)
Test: test_ekf.sh 
Timestamp: Thu Nov 13 02:01:18 UTC 2025
Log file: crash_logs/test_ekf_2025-11-12_18-58-41.log

LAST 50 LINES OF OUTPUT:
===================================================================

[1;33mTest finished, performing final cleanup...[0m
[1;33mReleasing wakelock...[0m
[0;32m✓ Wakelock released[0m
[cleanup_sensors] Starting
[cleanup_sensors] Complete
===================================================================
CRASH/ERROR DETECTED
===================================================================
Exit code: 143
Signal: SIGTERM (15)
Test: test_ekf.sh 
Timestamp: Thu Nov 13 02:01:23 UTC 2025
Log file: crash_logs/test_ekf_2025-11-12_18-58-41.log

LAST 50 LINES OF OUTPUT:
===================================================================

[0;31m✗ TEST CRASHED - Exit code 143[0m
[0;31m  Signal: SIGTERM (15)[0m
[0;31m  Log: crash_logs/test_ekf_2025-11-12_18-58-41.log[0m
[0;31m  View all crashes: python3 crash_logger.py show[0m
