==============================================================================
EKF vs Complementary Filter Test - Robust Sensor Initialization
Session started: Thu Nov 13 04:42:28 UTC 2025
Test arguments: 1 --gyro
Log file: crash_logs/test_ekf_2025-11-12_21-42-28.log
==============================================================================
[1;33mAcquiring wakelock...[0m
[0;32m✓ Wakelock acquired[0m

[1;33mSensor initialization attempt 1/3[0m
[1;33mCleaning up sensor processes...[0m
[0;32m✓ Sensor cleanup complete[0m
[1;33mValidating accelerometer access...[0m
[0;31m✗ Accelerometer validation failed[0m
[0;31mOutput received:[0m
Terminated                 /data/data/com.termux/files/usr/libexec/termux-api Sensor "$@"
Caught interrupt.. Finishing...
Performing sensor cleanup
Sensor cleanup successful!
[1;33mRetrying in 3 seconds...[0m

[1;33mSensor initialization attempt 2/3[0m
[1;33mCleaning up sensor processes...[0m
[0;32m✓ Sensor cleanup complete[0m
[1;33mValidating accelerometer access...[0m
[0;32m✓ Accelerometer responding correctly[0m

[1;33mGPS initialization attempt 1/3[0m
[1;33mCleaning up GPS processes...[0m
[0;32m✓ GPS cleanup complete[0m
[1;33mValidating GPS API service...[0m
[0;32m✓ GPS API responding correctly[0m

[0;32m✓ Sensor ready, starting test in 2 seconds...[0m
[0;32mStarting Python test...[0m

[AccelDaemon] Parsed JSON #1
[AccelDaemon] Parsed JSON #2
[AccelDaemon] Parsed JSON #3
[GPS _read_loop] Thread started
[GPSDaemon] stderr: [GPS Wrapper] Starting (poll_interval=5s, max_starvation=300.0s)
[GPSDaemon] stderr: [GPS] ✓ Fix #1 acquired
[GPS _read_loop] Fix #1 queued (lat=32.2160, queue_size=1, queue_id=525878136800)
[GyroDaemon] Starting shared queue reader
[GyroDaemon] Accel daemon alive: True
[GyroDaemon] Transferred sample #1: x=-0.0263
[GyroDaemon] Transferred sample #2: x=-0.0053
[GyroDaemon] Transferred sample #3: x=0.0168
[GyroDaemon] Transferred sample #4: x=0.0168
[GyroDaemon] Transferred sample #5: x=0.0055
[GPS_LOOP] Started
[ACCEL_LOOP] Started
[ACCEL_LOOP] Processed sample #1
[ACCEL_LOOP] Processed sample #2
[ACCEL_LOOP] Processed sample #3
[ACCEL_LOOP] Processed sample #4
[ACCEL_LOOP] Processed sample #5
[GYRO_LOOP] Started
[EKF_THREAD] Started
[GYRO_LOOP] Processed sample #1
[GYRO_LOOP] Processed sample #2
[GYRO_LOOP] Processed sample #3
[GYRO_LOOP] Processed sample #4
[GYRO_LOOP] Processed sample #5
[COMP_THREAD] Started
[ES_EKF_THREAD] Started

[DEBUG] Test start time: 1763008982.5781133, End time target: 1763009046.9873922, Duration: 1 min (60 sec)
[00:04] STATUS: Memory=90.9MB (peak=90.9MB) | GPS=   1 (ALIVE) | Accel=   45 (ALIVE) | Gyro=   66
[AccelDaemon] Read loop exited. Parsed 86 JSON objects, 1361 lines total

[1;33mTest finished, performing final cleanup...[0m
[1;33mReleasing wakelock...[0m
[0;32m✓ Wakelock released[0m
[1;33mCleaning up sensor processes...[0m
[0;32m✓ Sensor cleanup complete[0m
[0;32m✓ Test completed successfully[0m
