==============================================================================
EKF vs Complementary Filter Test - Robust Sensor Initialization
Session started: Thu Nov 13 04:43:07 UTC 2025
Test arguments: 1 --gyro
Log file: crash_logs/test_ekf_2025-11-12_21-43-07.log
==============================================================================
[1;33mAcquiring wakelock...[0m
[0;32m✓ Wakelock acquired[0m

[1;33mSensor initialization attempt 1/3[0m
[1;33mCleaning up sensor processes...[0m
[0;32m✓ Sensor cleanup complete[0m
[1;33mValidating accelerometer access...[0m
[0;31m✗ Accelerometer validation failed[0m
[0;31mOutput received:[0m
Terminated                 /data/data/com.termux/files/usr/libexec/termux-api Sensor "$@"
Caught interrupt.. Finishing...
Performing sensor cleanup
Sensor cleanup successful!
[1;33mRetrying in 3 seconds...[0m

[1;33mSensor initialization attempt 2/3[0m
[1;33mCleaning up sensor processes...[0m
[0;32m✓ Sensor cleanup complete[0m
[1;33mValidating accelerometer access...[0m
[0;32m✓ Accelerometer responding correctly[0m

[1;33mGPS initialization attempt 1/3[0m
[1;33mCleaning up GPS processes...[0m
[0;32m✓ GPS cleanup complete[0m
[1;33mValidating GPS API service...[0m
[0;32m✓ GPS API responding correctly[0m

[0;32m✓ Sensor ready, starting test in 2 seconds...[0m
[0;32mStarting Python test...[0m

[AccelDaemon] Parsed JSON #1
[AccelDaemon] Parsed JSON #2
[AccelDaemon] Parsed JSON #3
[GPS _read_loop] Thread started
[GPSDaemon] stderr: [GPS Wrapper] Starting (poll_interval=5s, max_starvation=300.0s)
[AccelDaemon] Parsed JSON #100
[AccelDaemon] Parsed JSON #200
[GPS _read_loop] Fix #1 queued (lat=32.2160, queue_size=1, queue_id=512030706960)
[GPSDaemon] stderr: [GPS] ✓ Fix #1 acquired
[ACCEL_LOOP] Started
[GyroDaemon] Starting shared queue reader
[EKF_THREAD] Started
[GPS_LOOP] Started
[COMP_THREAD] Started
[GYRO_LOOP] Started
[GyroDaemon] Accel daemon alive: True

[DEBUG] Test start time: 1763009021.624162, End time target: 1763009087.0035746, Duration: 1 min (60 sec)[00:05] STATUS: Memory=90.9MB (peak=90.9MB) | GPS=   1 (ALIVE) | Accel=    0 (ALIVE) | Gyro=    0
[GyroDaemon] Transferred sample #1: x=0.0008
[ACCEL_LOOP] Processed sample #1

[ACCEL_LOOP] Processed sample #2
[ACCEL_LOOP] Processed sample #3
[GyroDaemon] Transferred sample #2: x=0.0008
[GyroDaemon] Transferred sample #3: x=0.0008
[GyroDaemon] Transferred sample #4: x=0.0008
[GyroDaemon] Transferred sample #5: x=0.0002
[ES_EKF_THREAD] Started
[GYRO_LOOP] Processed sample #1
[ACCEL_LOOP] Processed sample #4
[GyroDaemon] Transferred sample #100: x=-0.0006
[GyroDaemon] Transferred sample #200: x=-0.0009
[GYRO_LOOP] Processed sample #2
[ACCEL_LOOP] Processed sample #5
[GYRO_LOOP] Processed sample #3
[ACCEL_LOOP] Processed sample #100
[GYRO_LOOP] Processed sample #4
[GYRO_LOOP] Processed sample #5
[GYRO_LOOP] Processed sample #100
[GYRO_LOOP] Processed sample #200
[ACCEL_LOOP] Processed sample #200
[GPS_LOOP] get_data() returned None (check #1), queue_size=0, queue_id=512030706960
[AccelDaemon] Parsed JSON #300
[GyroDaemon] Transferred sample #300: x=0.0003
[GYRO_LOOP] Processed sample #300
[GPS_LOOP] get_data() returned None (check #1), queue_size=0, queue_id=512030706960
[ACCEL_LOOP] Processed sample #300
[GPS_LOOP] get_data() returned None (check #1), queue_size=0, queue_id=512030706960
[AccelDaemon] Parsed JSON #400
[GyroDaemon] Transferred sample #400: x=0.0008
[GYRO_LOOP] Processed sample #400
[GPS _read_loop] Fix #2 queued (lat=32.2160, queue_size=1, queue_id=512030706960)
[GPSDaemon] stderr: [GPS] ✓ Fix #2 acquired
[GPS_LOOP] ✓ get_data() SUCCESS (sample #1), lat=32.2160
[GPS_LOOP] Queued sample #1 (lat=32.2160)
[ACCEL_LOOP] Processed sample #400
[GPS_LOOP] get_data() returned None (check #2), queue_size=0, queue_id=512030706960
[AccelDaemon] Parsed JSON #500
[GyroDaemon] Transferred sample #500: x=0.0003
[GYRO_LOOP] Processed sample #500
[GPS_LOOP] get_data() returned None (check #2), queue_size=0, queue_id=512030706960

Configuration:
  Duration: 1 minutes
  Gyroscope: Enabled

Starting in 2 seconds...

====================================================================================================
REAL-TIME FILTER COMPARISON: EKF vs Complementary
====================================================================================================

✓ Initializing sensor (brief pause for cleanup)...
✓ Accelerometer daemon started (50Hz, paired IMU stream)
   Sensors: Accel + Gyro (paired from LSM6DSO chip)
   Process: termux-sensor (PID 18614)

✓ Accelerometer daemon started

✓ Validating sensor startup (waiting up to 10 seconds for accelerometer data)...
  [REQUIRED] Waiting for accelerometer samples...
  ✓ Accelerometer responding with data on attempt 1

✓ Calibrating accelerometer (collecting 20 stationary samples)...
  ✓ Gravity calibrated: 9.86 m/s²
    (collected 20 samples, range: 9.83-9.91)

✓ EKF filter initialized
✓ Complementary filter initialized

✓ Starting GPS daemon (continuous polling)...
  ✓ GPS daemon started (polling termux-location continuously)
  ⏱ Waiting for first GPS fix (up to 30 seconds)...
  Waiting for GPS... (1.0s)
  Waiting for GPS... (2.0s)
  Waiting for GPS... (3.0s)
  ✓ GPS lock acquired: 32.2160, -110.8433 (latency: 3.9s)
  ✓ First GPS fix processed and added to test data

✓ Initializing gyroscope (optional, will fallback if unavailable)...
✓ Gyroscope daemon started (shared IMU stream)
   Sensor: lsm6dso LSM6DSO Gyroscope Non-wakeup (paired)
   Source: Shared with Accelerometer daemon (same hardware)
  ✓ Gyroscope daemon started (using shared IMU stream)
  Note: Gyroscope data will be collected during test run

✓ Running for 1 minutes...

[00:05] FILTER COMPARISON (3-way)
----------------------------------------------------------------------------------------------------------------------------------
METRIC                    |       EKF 13D        |    ES-EKF 8D (DR)    |    COMPLEMENTARY    
----------------------------------------------------------------------------------------------------------------------------------
Velocity (m/s)            |    0.000 m/s       |    0.000 m/s        |    0.000 m/s      
Distance (m)              |     0.00 m         |     0.00 m          |     0.00 m       
Accel Magnitude (m/s²)    |    0.000 m/s²      |    0.000 m/s²       |    0.000 m/s²    
Status                    |        MOVING        |        MOVING        |        MOVING       
----------------------------------------------------------------------------------------------------------------------------------
GPS: 1 fixes (ALIVE) | Accel: 190 samples (ALIVE) | Gyro: 99 samples

[00:06] FILTER COMPARISON (3-way)
----------------------------------------------------------------------------------------------------------------------------------
METRIC                    |       EKF 13D        |    ES-EKF 8D (DR)    |    COMPLEMENTARY    
----------------------------------------------------------------------------------------------------------------------------------
Velocity (m/s)            |    0.000 m/s       |    0.000 m/s        |    0.000 m/s      
Distance (m)              |     0.00 m         |     0.00 m          |     0.00 m       
Accel Magnitude (m/s²)    |    0.000 m/s²      |    0.000 m/s²       |    0.000 m/s²    
Status                    |        MOVING        |        MOVING        |        MOVING       
----------------------------------------------------------------------------------------------------------------------------------
GPS: 1 fixes (ALIVE) | Accel: 239 samples (ALIVE) | Gyro: 261 samples

[00:07] FILTER COMPARISON (3-way)
----------------------------------------------------------------------------------------------------------------------------------
METRIC                    |       EKF 13D        |    ES-EKF 8D (DR)    |    COMPLEMENTARY    
----------------------------------------------------------------------------------------------------------------------------------
Velocity (m/s)            |    0.000 m/s       |    0.000 m/s        |    0.000 m/s      
Distance (m)              |     0.00 m         |     0.00 m          |     0.00 m       
Accel Magnitude (m/s²)    |    0.000 m/s²      |    0.000 m/s²       |    0.000 m/s²    
Status                    |        MOVING        |        MOVING        |        MOVING       
----------------------------------------------------------------------------------------------------------------------------------
GPS: 1 fixes (ALIVE) | Accel: 288 samples (ALIVE) | Gyro: 310 samples

[00:08] FILTER COMPARISON (3-way)
----------------------------------------------------------------------------------------------------------------------------------
METRIC                    |       EKF 13D        |    ES-EKF 8D (DR)    |    COMPLEMENTARY    
----------------------------------------------------------------------------------------------------------------------------------
Velocity (m/s)            |    0.000 m/s       |    0.000 m/s        |    0.000 m/s      
Distance (m)              |     0.00 m         |     0.00 m          |     0.00 m       
Accel Magnitude (m/s²)    |    0.000 m/s²      |    0.000 m/s²       |    0.040 m/s²    
Status                    |        MOVING        |        MOVING        |        MOVING       
----------------------------------------------------------------------------------------------------------------------------------
GPS: 1 fixes (ALIVE) | Accel: 337 samples (ALIVE) | Gyro: 359 samples

[00:09] FILTER COMPARISON (3-way)
----------------------------------------------------------------------------------------------------------------------------------
METRIC                    |       EKF 13D        |    ES-EKF 8D (DR)    |    COMPLEMENTARY    
----------------------------------------------------------------------------------------------------------------------------------
Velocity (m/s)            |    0.000 m/s       |    0.000 m/s        |    0.000 m/s      
Distance (m)              |     0.00 m         |     0.00 m          |     0.00 m       
Accel Magnitude (m/s²)    |    0.000 m/s²      |    0.000 m/s²       |    0.011 m/s²    
Status                    |      STATIONARY      |        MOVING        |      STATIONARY     
----------------------------------------------------------------------------------------------------------------------------------
GPS: 2 fixes (ALIVE) | Accel: 385 samples (ALIVE) | Gyro: 407 samples

[00:10] FILTER COMPARISON (3-way)
----------------------------------------------------------------------------------------------------------------------------------
METRIC                    |       EKF 13D        |    ES-EKF 8D (DR)    |    COMPLEMENTARY    
----------------------------------------------------------------------------------------------------------------------------------
Velocity (m/s)            |    0.000 m/s       |    0.000 m/s        |    0.000 m/s      
Distance (m)              |     0.00 m         |     0.00 m          |     0.00 m       
Accel Magnitude (m/s²)    |    0.000 m/s²      |    0.000 m/s²       |    0.033 m/s²    
Status                    |      STATIONARY      |        MOVING        |      STATIONARY     
----------------------------------------------------------------------------------------------------------------------------------
GPS: 2 fixes (ALIVE) | Accel: 434 samples (ALIVE) | Gyro: 456 samples

[00:11] FILTER COMPARISON (3-way)
----------------------------------------------------------------------------------------------------------------------------------
METRIC                    |       EKF 13D        |    ES-EKF 8D (DR)    |    COMPLEMENTARY    
----------------------------------------------------------------------------------------------------------------------------------
Velocity (m/s)            |    0.000 m/s       |    0.000 m/s        |    0.000 m/s      
Distance (m)              |     0.00 m         |     0.00 m          |     0.00 m       
Accel Magnitude (m/s²)    |    0.000 m/s²      |    0.000 m/s²       |    0.000 m/s²    
Status                    |      STATIONARY      |        MOVING        |      STATIONARY     [ACCEL_LOOP] Processed sample #500
[GPS_LOOP] get_data() returned None (check #2), queue_size=0, queue_id=512030706960
[GPS _read_loop] Fix #3 queued (lat=32.2160, queue_size=1, queue_id=512030706960)
[GPSDaemon] stderr: [GPS] ✓ Fix #3 acquired
[GPS_LOOP] ✓ get_data() SUCCESS (sample #2), lat=32.2160
[GPS_LOOP] Queued sample #2 (lat=32.2160)
[AccelDaemon] Parsed JSON #600
[GyroDaemon] Transferred sample #600: x=-0.0034
[GYRO_LOOP] Processed sample #600
[ACCEL_LOOP] Processed sample #600
[GPS_LOOP] get_data() returned None (check #3), queue_size=0, queue_id=512030706960
[GPS_LOOP] get_data() returned None (check #3), queue_size=0, queue_id=512030706960
[AccelDaemon] Parsed JSON #700
[GyroDaemon] Transferred sample #700: x=-0.0017
[GYRO_LOOP] Processed sample #700
[ACCEL_LOOP] Processed sample #700
[GPS_LOOP] get_data() returned None (check #3), queue_size=0, queue_id=512030706960
[GPS_LOOP] get_data() returned None (check #3), queue_size=0, queue_id=512030706960
[AccelDaemon] Parsed JSON #800
[GyroDaemon] Transferred sample #800: x=-0.0015
[GYRO_LOOP] Processed sample #800
[ACCEL_LOOP] Processed sample #800
[GPS_LOOP] get_data() returned None (check #3), queue_size=0, queue_id=512030706960
[GPS_LOOP] get_data() returned None (check #3), queue_size=0, queue_id=512030706960
[GPS _read_loop] Fix #4 queued (lat=32.2160, queue_size=1, queue_id=512030706960)
[GPSDaemon] stderr: [GPS] ✓ Fix #4 acquired
[GPS_LOOP] ✓ get_data() SUCCESS (sample #3), lat=32.2160
[GPS_LOOP] Queued sample #3 (lat=32.2160)
[AccelDaemon] Parsed JSON #900
[GyroDaemon] Transferred sample #900: x=0.0000
[GYRO_LOOP] Processed sample #900
[ACCEL_LOOP] Processed sample #900
[GPS_LOOP] get_data() returned None (check #4), queue_size=0, queue_id=512030706960

----------------------------------------------------------------------------------------------------------------------------------
GPS: 2 fixes (ALIVE) | Accel: 483 samples (ALIVE) | Gyro: 504 samples

[00:12] FILTER COMPARISON (3-way)
----------------------------------------------------------------------------------------------------------------------------------
METRIC                    |       EKF 13D        |    ES-EKF 8D (DR)    |    COMPLEMENTARY    
----------------------------------------------------------------------------------------------------------------------------------
Velocity (m/s)            |    0.000 m/s       |    0.000 m/s        |    0.000 m/s      
Distance (m)              |     0.00 m         |     0.00 m          |     0.00 m       
Accel Magnitude (m/s²)    |    0.000 m/s²      |    0.000 m/s²       |    0.018 m/s²    
Status                    |      STATIONARY      |        MOVING        |      STATIONARY     
----------------------------------------------------------------------------------------------------------------------------------
GPS: 2 fixes (ALIVE) | Accel: 532 samples (ALIVE) | Gyro: 554 samples

[00:13] FILTER COMPARISON (3-way)
----------------------------------------------------------------------------------------------------------------------------------
METRIC                    |       EKF 13D        |    ES-EKF 8D (DR)    |    COMPLEMENTARY    
----------------------------------------------------------------------------------------------------------------------------------
Velocity (m/s)            |    0.000 m/s       |    0.000 m/s        |    0.000 m/s      
Distance (m)              |     0.00 m         |     0.04 m          |     0.00 m       
Accel Magnitude (m/s²)    |    0.002 m/s²      |    0.000 m/s²       |    0.000 m/s²    
Status                    |      STATIONARY      |        MOVING        |      STATIONARY     
----------------------------------------------------------------------------------------------------------------------------------
GPS: 3 fixes (ALIVE) | Accel: 580 samples (ALIVE) | Gyro: 602 samples

[00:14] FILTER COMPARISON (3-way)
----------------------------------------------------------------------------------------------------------------------------------
METRIC                    |       EKF 13D        |    ES-EKF 8D (DR)    |    COMPLEMENTARY    
----------------------------------------------------------------------------------------------------------------------------------
Velocity (m/s)            |    0.000 m/s       |    0.000 m/s        |    0.000 m/s      
Distance (m)              |     0.00 m         |     0.04 m          |     0.00 m       
Accel Magnitude (m/s²)    |    0.004 m/s²      |    0.000 m/s²       |    0.001 m/s²    
Status                    |      STATIONARY      |        MOVING        |      STATIONARY     
----------------------------------------------------------------------------------------------------------------------------------
GPS: 3 fixes (ALIVE) | Accel: 629 samples (ALIVE) | Gyro: 651 samples

✓ Auto-saving data (3 GPS, 675 accel samples)...
✓ Auto-saved (autosave #1): /data/data/com.termux/files/home/gojo/motion_tracker_v2/../motion_tracker_sessions/comparison_20251112_214341.json.gz | Total: 3 GPS + 675 accel | Deques cleared

[00:15] FILTER COMPARISON (3-way)
----------------------------------------------------------------------------------------------------------------------------------
METRIC                    |       EKF 13D        |    ES-EKF 8D (DR)    |    COMPLEMENTARY    
----------------------------------------------------------------------------------------------------------------------------------
Velocity (m/s)            |    0.000 m/s       |    0.000 m/s        |    0.000 m/s      
Distance (m)              |     0.00 m         |     0.04 m          |     0.00 m       
Accel Magnitude (m/s²)    |    0.000 m/s²      |    0.000 m/s²       |    0.010 m/s²    
Status                    |      STATIONARY      |        MOVING        |      STATIONARY     
----------------------------------------------------------------------------------------------------------------------------------
GPS: 3 fixes (ALIVE) | Accel: 3 samples (ALIVE) | Gyro: 3 samples

[00:16] FILTER COMPARISON (3-way)
----------------------------------------------------------------------------------------------------------------------------------
METRIC                    |       EKF 13D        |    ES-EKF 8D (DR)    |    COMPLEMENTARY    
----------------------------------------------------------------------------------------------------------------------------------
Velocity (m/s)            |    0.000 m/s       |    0.000 m/s        |    0.000 m/s      
Distance (m)              |     0.00 m         |     0.04 m          |     0.00 m       
Accel Magnitude (m/s²)    |    0.000 m/s²      |    0.000 m/s²       |    0.000 m/s²    
Status                    |      STATIONARY      |        MOVING        |      STATIONARY     
----------------------------------------------------------------------------------------------------------------------------------
GPS: 3 fixes (ALIVE) | Accel: 51 samples (ALIVE) | Gyro: 51 samples

[00:17] FILTER COMPARISON (3-way)
----------------------------------------------------------------------------------------------------------------------------------
METRIC                    |       EKF 13D        |    ES-EKF 8D (DR)    |    COMPLEMENTARY    
----------------------------------------------------------------------------------------------------------------------------------
Velocity (m/s)            |    0.000 m/s       |    0.000 m/s        |    0.000 m/s      
Distance (m)              |     0.00 m         |     0.04 m          |     0.00 m       
Accel Magnitude (m/s²)    |    0.000 m/s²      |    0.000 m/s²       |    0.000 m/s²    
Status                    |      STATIONARY      |        MOVING        |      STATIONARY     
----------------------------------------------------------------------------------------------------------------------------------
GPS: 3 fixes (ALIVE) | Accel: 100 samples (ALIVE) | Gyro: 100 samples

[00:18] FILTER COMPARISON (3-way)
----------------------------------------------------------------------------------------------------------------------------------
METRIC                    |       EKF 13D        |    ES-EKF 8D (DR)    |    COMPLEMENTARY    
----------------------------------------------------------------------------------------------------------------------------------
Velocity (m/s)            |    0.000 m/s       |    0.000 m/s        |    0.000 m/s      
Distance (m)              |     0.00 m         |     0.04 m          |     0.00 m       
Accel Magnitude (m/s²)    |    0.000 m/s²      |    0.000 m/s²       |    0.000 m/s²    
Status                    |      STATIONARY      |        MOVING        |      STATIONARY     
----------------------------------------------------------------------------------------------------------------------------------
GPS: 3 fixes (ALIVE) | Accel: 148 samples (ALIVE) | Gyro: 148 samples

[00:19] FILTER COMPARISON (3-way)
----------------------------------------------------------------------------------------------------------------------------------
METRIC                    |       EKF 13D        |    ES-EKF 8D (DR)    |    COMPLEMENTARY    
----------------------------------------------------------------------------------------------------------------------------------
Velocity (m/s)            |    0.000 m/s       |    0.000 m/s        |    0.000 m/s      
Distance (m)              |     0.00 m         |     0.61 m          |     0.00 m       
Accel Magnitude (m/s²)    |    0.000 m/s²      |    0.000 m/s²       |    0.000 m/s²    
Status                    |      STATIONARY      |        MOVING        |      STATIONARY     
----------------------------------------------------------------------------------------------------------------------------------
GPS: 4 fixes (ALIVE) | Accel: 197 samples (ALIVE) | Gyro: 197 samples

[00:20] FILTER COMPARISON (3-way)
----------------------------------------------------------------------------------------------------------------------------------[GPS_LOOP] get_data() returned None (check #4), queue_size=0, queue_id=512030706960
[AccelDaemon] Parsed JSON #1000
[GyroDaemon] Transferred sample #1000: x=0.0000
[GYRO_LOOP] Processed sample #1000
[ACCEL_LOOP] Processed sample #1000
[GPS_LOOP] get_data() returned None (check #4), queue_size=0, queue_id=512030706960
[GPS _read_loop] Fix #5 queued (lat=32.2160, queue_size=1, queue_id=512030706960)
[GPS_LOOP] ✓ get_data() SUCCESS (sample #4), lat=32.2160
[GPS_LOOP] Queued sample #4 (lat=32.2160)
[GPSDaemon] stderr: [GPS] ✓ Fix #5 acquired
[AccelDaemon] Parsed JSON #1100
[GyroDaemon] Transferred sample #1100: x=0.0006
[GYRO_LOOP] Processed sample #1100
[ACCEL_LOOP] Processed sample #1100
[GPS_LOOP] get_data() returned None (check #5), queue_size=0, queue_id=512030706960
[GPS_LOOP] get_data() returned None (check #5), queue_size=0, queue_id=512030706960
[AccelDaemon] Parsed JSON #1200
[GyroDaemon] Transferred sample #1200: x=0.0232
[GYRO_LOOP] Processed sample #1200
[ACCEL_LOOP] Processed sample #1200
[GPS_LOOP] get_data() returned None (check #5), queue_size=0, queue_id=512030706960
[GPS_LOOP] get_data() returned None (check #5), queue_size=0, queue_id=512030706960
[AccelDaemon] Parsed JSON #1300
[GyroDaemon] Transferred sample #1300: x=-0.4207
[GYRO_LOOP] Processed sample #1300
[ACCEL_LOOP] Processed sample #1300
[GPS_LOOP] get_data() returned None (check #5), queue_size=0, queue_id=512030706960

METRIC                    |       EKF 13D        |    ES-EKF 8D (DR)    |    COMPLEMENTARY    
----------------------------------------------------------------------------------------------------------------------------------
Velocity (m/s)            |    0.000 m/s       |    0.000 m/s        |    0.000 m/s      
Distance (m)              |     0.00 m         |     0.61 m          |     0.00 m       
Accel Magnitude (m/s²)    |    0.000 m/s²      |    0.000 m/s²       |    0.000 m/s²    
Status                    |      STATIONARY      |        MOVING        |      STATIONARY     
----------------------------------------------------------------------------------------------------------------------------------
GPS: 4 fixes (ALIVE) | Accel: 246 samples (ALIVE) | Gyro: 246 samples

[00:21] FILTER COMPARISON (3-way)
----------------------------------------------------------------------------------------------------------------------------------
METRIC                    |       EKF 13D        |    ES-EKF 8D (DR)    |    COMPLEMENTARY    
----------------------------------------------------------------------------------------------------------------------------------
Velocity (m/s)            |    0.000 m/s       |    0.000 m/s        |    0.000 m/s      
Distance (m)              |     0.00 m         |     0.61 m          |     0.00 m       
Accel Magnitude (m/s²)    |    0.000 m/s²      |    0.000 m/s²       |    0.000 m/s²    
Status                    |      STATIONARY      |        MOVING        |      STATIONARY     
----------------------------------------------------------------------------------------------------------------------------------
GPS: 4 fixes (ALIVE) | Accel: 294 samples (ALIVE) | Gyro: 294 samples

[00:22] FILTER COMPARISON (3-way)
----------------------------------------------------------------------------------------------------------------------------------
METRIC                    |       EKF 13D        |    ES-EKF 8D (DR)    |    COMPLEMENTARY    
----------------------------------------------------------------------------------------------------------------------------------
Velocity (m/s)            |    0.000 m/s       |    0.000 m/s        |    0.000 m/s      
Distance (m)              |     0.00 m         |     0.61 m          |     0.00 m       
Accel Magnitude (m/s²)    |    0.000 m/s²      |    0.000 m/s²       |    0.000 m/s²    
Status                    |      STATIONARY      |        MOVING        |      STATIONARY     
----------------------------------------------------------------------------------------------------------------------------------
GPS: 4 fixes (ALIVE) | Accel: 343 samples (ALIVE) | Gyro: 343 samples

[00:23] FILTER COMPARISON (3-way)
----------------------------------------------------------------------------------------------------------------------------------
METRIC                    |       EKF 13D        |    ES-EKF 8D (DR)    |    COMPLEMENTARY    
----------------------------------------------------------------------------------------------------------------------------------
Velocity (m/s)            |    0.000 m/s       |    0.000 m/s        |    0.000 m/s      
Distance (m)              |     0.00 m         |     0.77 m          |     0.00 m       
Accel Magnitude (m/s²)    |    0.005 m/s²      |    0.000 m/s²       |    0.007 m/s²    
Status                    |      STATIONARY      |        MOVING        |      STATIONARY     
----------------------------------------------------------------------------------------------------------------------------------
GPS: 5 fixes (ALIVE) | Accel: 392 samples (ALIVE) | Gyro: 392 samples

[00:24] FILTER COMPARISON (3-way)
----------------------------------------------------------------------------------------------------------------------------------
METRIC                    |       EKF 13D        |    ES-EKF 8D (DR)    |    COMPLEMENTARY    
----------------------------------------------------------------------------------------------------------------------------------
Velocity (m/s)            |    0.000 m/s       |    0.000 m/s        |    0.000 m/s      
Distance (m)              |     0.00 m         |     0.77 m          |     0.00 m       
Accel Magnitude (m/s²)    |    0.001 m/s²      |    0.000 m/s²       |    0.000 m/s²    
Status                    |      STATIONARY      |        MOVING        |      STATIONARY     
----------------------------------------------------------------------------------------------------------------------------------
GPS: 5 fixes (ALIVE) | Accel: 441 samples (ALIVE) | Gyro: 441 samples
✓ Incident logged: hard_braking (magnitude: 1.79) → incident_1763009046_6666942_hard_braking.json

[00:25] FILTER COMPARISON (3-way)
----------------------------------------------------------------------------------------------------------------------------------
METRIC                    |       EKF 13D        |    ES-EKF 8D (DR)    |    COMPLEMENTARY    
----------------------------------------------------------------------------------------------------------------------------------
Velocity (m/s)            |    0.000 m/s       |    0.000 m/s        |    0.000 m/s      
Distance (m)              |     0.00 m         |     0.77 m          |     0.00 m       
Accel Magnitude (m/s²)    |    0.006 m/s²      |    0.000 m/s²       |    0.000 m/s²    
Status                    |      STATIONARY      |        MOVING        |      STATIONARY     
----------------------------------------------------------------------------------------------------------------------------------
GPS: 5 fixes (ALIVE) | Accel: 490 samples (ALIVE) | Gyro: 490 samples

[00:26] FILTER COMPARISON (3-way)
----------------------------------------------------------------------------------------------------------------------------------
METRIC                    |       EKF 13D        |    ES-EKF 8D (DR)    |    COMPLEMENTARY    
----------------------------------------------------------------------------------------------------------------------------------
Velocity (m/s)            |    0.000 m/s       |    0.000 m/s        |    0.000 m/s      
Distance (m)              |     0.00 m         |     0.77 m          |     0.00 m       
Accel Magnitude (m/s²)    |    0.000 m/s²      |    0.000 m/s²       |    0.000 m/s²    
Status                    |      STATIONARY      |        MOVING        |      STATIONARY     
----------------------------------------------------------------------------------------------------------------------------------
GPS: 5 fixes (ALIVE) | Accel: 538 samples (ALIVE) | Gyro: 538 samples

[00:27] FILTER COMPARISON (3-way)
----------------------------------------------------------------------------------------------------------------------------------
METRIC                    |       EKF 13D        |    ES-EKF 8D (DR)    |    COMPLEMENTARY    
----------------------------------------------------------------------------------------------------------------------------------
Velocity (m/s)            |    0.000 m/s       |    0.000 m/s        |    0.000 m/s      
Distance (m)              |     0.00 m         |     0.77 m          |     0.00 m       
Accel Magnitude (m/s²)    |    0.000 m/s²      |    0.000 m/s²       |    0.006 m/s²    
Status                    |      STATIONARY      |        MOVING        |      STATIONARY     
----------------------------------------------------------------------------------------------------------------------------------
GPS: 5 fixes (ALIVE) | Accel: 587 samples (ALIVE) | Gyro: 587 samples

[00:28] FILTER COMPARISON (3-way)
----------------------------------------------------------------------------------------------------------------------------------
METRIC                    |       EKF 13D        |    ES-EKF 8D (DR)    |    COMPLEMENTARY    
----------------------------------------------------------------------------------------------------------------------------------
Velocity (m/s)            |    0.000 m/s       |    0.000 m/s        |    2.116 m/s      
Distance (m)              |     0.00 m         |     0.77 m          |     0.00 m       
Accel Magnitude (m/s²)    |    0.000 m/s²      |    0.000 m/s²       |    0.000 m/s²    [GPS_LOOP] get_data() returned None (check #5), queue_size=0, queue_id=512030706960
[AccelDaemon] Parsed JSON #1400
[GyroDaemon] Transferred sample #1400: x=0.0208
[GYRO_LOOP] Processed sample #1400
[ACCEL_LOOP] Processed sample #1400
[GPS_LOOP] get_data() returned None (check #5), queue_size=0, queue_id=512030706960
[GPS _read_loop] Fix #6 queued (lat=32.2160, queue_size=1, queue_id=512030706960)
[GPSDaemon] stderr: [GPS] ✓ Fix #6 acquired
[GPS_LOOP] ✓ get_data() SUCCESS (sample #5), lat=32.2160
[GPS_LOOP] Queued sample #5 (lat=32.2160)
[GPS_LOOP] get_data() returned None (check #6), queue_size=0, queue_id=512030706960
[AccelDaemon] Parsed JSON #1500
[GyroDaemon] Transferred sample #1500: x=0.2500
[GYRO_LOOP] Processed sample #1500
[GPS_LOOP] get_data() returned None (check #6), queue_size=0, queue_id=512030706960
[ACCEL_LOOP] Processed sample #1500
[GPS _read_loop] Fix #7 queued (lat=32.2160, queue_size=1, queue_id=512030706960)
[GPSDaemon] stderr: [GPS] ✓ Fix #7 acquired
[GPS_LOOP] ✓ get_data() SUCCESS (sample #6), lat=32.2160
[AccelDaemon] Parsed JSON #1600
[GyroDaemon] Transferred sample #1600: x=0.0252
[GYRO_LOOP] Processed sample #1600
[GPS_LOOP] get_data() returned None (check #7), queue_size=0, queue_id=512030706960
[ACCEL_LOOP] Processed sample #1600
[GPS_LOOP] get_data() returned None (check #7), queue_size=0, queue_id=512030706960
[00:35] STATUS: Memory=93.8MB (peak=93.8MB) | GPS=   1 (ALIVE) | Accel=  242 (ALIVE) | Gyro=  242
[AccelDaemon] Parsed JSON #1700
[GyroDaemon] Transferred sample #1700: x=-0.0220
[GYRO_LOOP] Processed sample #1700
[GPS_LOOP] get_data() returned None (check #7), queue_size=0, queue_id=512030706960
[ACCEL_LOOP] Processed sample #1700

Status                    |      STATIONARY      |        MOVING        |      STATIONARY     
----------------------------------------------------------------------------------------------------------------------------------
GPS: 5 fixes (ALIVE) | Accel: 636 samples (ALIVE) | Gyro: 636 samples

[00:29] FILTER COMPARISON (3-way)
----------------------------------------------------------------------------------------------------------------------------------
METRIC                    |       EKF 13D        |    ES-EKF 8D (DR)    |    COMPLEMENTARY    
----------------------------------------------------------------------------------------------------------------------------------
Velocity (m/s)            |    0.000 m/s       |    0.000 m/s        |    3.826 m/s      
Distance (m)              |     0.00 m         |     0.77 m          |     0.00 m       
Accel Magnitude (m/s²)    |    0.000 m/s²      |    0.000 m/s²       |    0.730 m/s²    
Status                    |      STATIONARY      |        MOVING        |      STATIONARY     
----------------------------------------------------------------------------------------------------------------------------------
GPS: 5 fixes (ALIVE) | Accel: 684 samples (ALIVE) | Gyro: 684 samples

✓ Auto-saving data (3 GPS, 730 accel samples)...

[00:30] FILTER COMPARISON (3-way)
----------------------------------------------------------------------------------------------------------------------------------
METRIC                    |       EKF 13D        |    ES-EKF 8D (DR)    |    COMPLEMENTARY    
----------------------------------------------------------------------------------------------------------------------------------
Velocity (m/s)            |    0.000 m/s       |    0.000 m/s        |    0.000 m/s      
Distance (m)              |     0.00 m         |     1.28 m          |     0.00 m       
Accel Magnitude (m/s²)    |    0.000 m/s²      |    0.000 m/s²       |    0.000 m/s²    
Status                    |      STATIONARY      |        MOVING        |      STATIONARY     
----------------------------------------------------------------------------------------------------------------------------------
GPS: 6 fixes (ALIVE) | Accel: 730 samples (ALIVE) | Gyro: 730 samples
✓ Auto-saved (autosave #2): /data/data/com.termux/files/home/gojo/motion_tracker_v2/../motion_tracker_sessions/comparison_20251112_214341.json.gz | Total: 6 GPS + 1405 accel | Deques cleared

[00:31] FILTER COMPARISON (3-way)
----------------------------------------------------------------------------------------------------------------------------------
METRIC                    |       EKF 13D        |    ES-EKF 8D (DR)    |    COMPLEMENTARY    
----------------------------------------------------------------------------------------------------------------------------------
Velocity (m/s)            |    0.000 m/s       |    0.000 m/s        |    0.000 m/s      
Distance (m)              |     0.00 m         |     1.28 m          |     0.00 m       
Accel Magnitude (m/s²)    |    0.020 m/s²      |    0.000 m/s²       |    0.007 m/s²    
Status                    |      STATIONARY      |        MOVING        |      STATIONARY     
----------------------------------------------------------------------------------------------------------------------------------
GPS: 6 fixes (ALIVE) | Accel: 51 samples (ALIVE) | Gyro: 51 samples

[00:32] FILTER COMPARISON (3-way)
----------------------------------------------------------------------------------------------------------------------------------
METRIC                    |       EKF 13D        |    ES-EKF 8D (DR)    |    COMPLEMENTARY    
----------------------------------------------------------------------------------------------------------------------------------
Velocity (m/s)            |    0.000 m/s       |    0.000 m/s        |    0.000 m/s      
Distance (m)              |     0.00 m         |     1.28 m          |     0.00 m       
Accel Magnitude (m/s²)    |    0.187 m/s²      |    0.000 m/s²       |    0.198 m/s²    
Status                    |      STATIONARY      |        MOVING        |      STATIONARY     
----------------------------------------------------------------------------------------------------------------------------------
GPS: 6 fixes (ALIVE) | Accel: 100 samples (ALIVE) | Gyro: 100 samples

[00:33] FILTER COMPARISON (3-way)
----------------------------------------------------------------------------------------------------------------------------------
METRIC                    |       EKF 13D        |    ES-EKF 8D (DR)    |    COMPLEMENTARY    
----------------------------------------------------------------------------------------------------------------------------------
Velocity (m/s)            |    0.000 m/s       |    0.000 m/s        |    0.000 m/s      
Distance (m)              |     0.00 m         |     1.31 m          |     0.00 m       
Accel Magnitude (m/s²)    |    0.001 m/s²      |    0.000 m/s²       |    0.000 m/s²    
Status                    |      STATIONARY      |        MOVING        |      STATIONARY     
----------------------------------------------------------------------------------------------------------------------------------
GPS: 7 fixes (ALIVE) | Accel: 149 samples (ALIVE) | Gyro: 149 samples

[00:34] FILTER COMPARISON (3-way)
----------------------------------------------------------------------------------------------------------------------------------
METRIC                    |       EKF 13D        |    ES-EKF 8D (DR)    |    COMPLEMENTARY    
----------------------------------------------------------------------------------------------------------------------------------
Velocity (m/s)            |    0.000 m/s       |    0.000 m/s        |    0.000 m/s      
Distance (m)              |     0.00 m         |     1.31 m          |     0.00 m       
Accel Magnitude (m/s²)    |    0.021 m/s²      |    0.000 m/s²       |    0.000 m/s²    
Status                    |      STATIONARY      |        MOVING        |      STATIONARY     
----------------------------------------------------------------------------------------------------------------------------------
GPS: 7 fixes (ALIVE) | Accel: 198 samples (ALIVE) | Gyro: 198 samples

[00:35] 13D GYRO-EKF METRICS
===========================================================================
Bias Magnitude:      0.295274 rad/s  [✓ CONVERGING]
  └─ Converged at: 5.4s
  └─ Stability (σ):  0.082476 rad/s

Quaternion Norm:     1.000000  [✓ HEALTHY]
  └─ Error:          0.000000

Gyro Residual:       1.533801 rad/s
  └─ Std Dev:        1.890521 rad/s

Incident Detection:
  Hard Braking:        0 events
  Swerving:           12 events

Overall Status:      ⚠ WARNING
  Issues: BIAS_TOO_HIGH, GYRO_RESIDUAL_HIGH
===========================================================================

[00:35] FILTER COMPARISON (3-way)
----------------------------------------------------------------------------------------------------------------------------------
METRIC                    |       EKF 13D        |    ES-EKF 8D (DR)    |    COMPLEMENTARY    
----------------------------------------------------------------------------------------------------------------------------------
Velocity (m/s)            |    0.000 m/s       |    0.000 m/s        |    0.000 m/s      
Distance (m)              |     0.00 m         |     1.31 m          |     0.00 m       
Accel Magnitude (m/s²)    |    0.126 m/s²      |    0.000 m/s²       |    0.000 m/s²    
Status                    |      STATIONARY      |        MOVING        |      STATIONARY     
----------------------------------------------------------------------------------------------------------------------------------
GPS: 7 fixes (ALIVE) | Accel: 247 samples (ALIVE) | Gyro: 247 samples

[00:36] FILTER COMPARISON (3-way)
----------------------------------------------------------------------------------------------------------------------------------
METRIC                    |       EKF 13D        |    ES-EKF 8D (DR)    |    COMPLEMENTARY    
----------------------------------------------------------------------------------------------------------------------------------[GPS_LOOP] get_data() returned None (check #7), queue_size=0, queue_id=512030706960
[AccelDaemon] Parsed JSON #1800
[GyroDaemon] Transferred sample #1800: x=0.0258
[GYRO_LOOP] Processed sample #1800
[GPS_LOOP] get_data() returned None (check #7), queue_size=0, queue_id=512030706960
[ACCEL_LOOP] Processed sample #1800
[GPS _read_loop] Fix #8 queued (lat=32.2160, queue_size=1, queue_id=512030706960)
[GPSDaemon] stderr: [GPS] ✓ Fix #8 acquired
[GPS_LOOP] ✓ get_data() SUCCESS (sample #7), lat=32.2160
[AccelDaemon] Parsed JSON #1900
[GyroDaemon] Transferred sample #1900: x=-0.0002
[GYRO_LOOP] Processed sample #1900
[GPS_LOOP] get_data() returned None (check #8), queue_size=0, queue_id=512030706960
[ACCEL_LOOP] Processed sample #1900
[GPS_LOOP] get_data() returned None (check #8), queue_size=0, queue_id=512030706960
[AccelDaemon] Parsed JSON #2000
[GyroDaemon] Transferred sample #2000: x=-0.0425
[GYRO_LOOP] Processed sample #2000
[GPS_LOOP] get_data() returned None (check #8), queue_size=0, queue_id=512030706960
[ACCEL_LOOP] Processed sample #2000
[GPS_LOOP] get_data() returned None (check #8), queue_size=0, queue_id=512030706960
[AccelDaemon] Parsed JSON #2100
[GyroDaemon] Transferred sample #2100: x=-0.0067
[GYRO_LOOP] Processed sample #2100
[GPS _read_loop] Fix #9 queued (lat=32.2160, queue_size=1, queue_id=512030706960)
[GPSDaemon] stderr: [GPS] ✓ Fix #9 acquired
[GPS_LOOP] ✓ get_data() SUCCESS (sample #8), lat=32.2160

Velocity (m/s)            |    0.000 m/s       |    0.000 m/s        |    0.000 m/s      
Distance (m)              |     0.00 m         |     1.31 m          |     0.00 m       
Accel Magnitude (m/s²)    |    0.000 m/s²      |    0.000 m/s²       |    0.000 m/s²    
Status                    |      STATIONARY      |        MOVING        |      STATIONARY     
----------------------------------------------------------------------------------------------------------------------------------
GPS: 7 fixes (ALIVE) | Accel: 295 samples (ALIVE) | Gyro: 295 samples

[00:37] FILTER COMPARISON (3-way)
----------------------------------------------------------------------------------------------------------------------------------
METRIC                    |       EKF 13D        |    ES-EKF 8D (DR)    |    COMPLEMENTARY    
----------------------------------------------------------------------------------------------------------------------------------
Velocity (m/s)            |    0.000 m/s       |    0.000 m/s        |    0.000 m/s      
Distance (m)              |     0.00 m         |     1.31 m          |     0.00 m       
Accel Magnitude (m/s²)    |    0.000 m/s²      |    0.000 m/s²       |    0.000 m/s²    
Status                    |      STATIONARY      |        MOVING        |      STATIONARY     
----------------------------------------------------------------------------------------------------------------------------------
GPS: 7 fixes (ALIVE) | Accel: 344 samples (ALIVE) | Gyro: 344 samples

[00:38] FILTER COMPARISON (3-way)
----------------------------------------------------------------------------------------------------------------------------------
METRIC                    |       EKF 13D        |    ES-EKF 8D (DR)    |    COMPLEMENTARY    
----------------------------------------------------------------------------------------------------------------------------------
Velocity (m/s)            |    0.000 m/s       |    0.000 m/s        |    0.418 m/s      
Distance (m)              |     0.00 m         |     1.31 m          |     0.00 m       
Accel Magnitude (m/s²)    |    0.000 m/s²      |    0.000 m/s²       |    0.000 m/s²    
Status                    |      STATIONARY      |        MOVING        |      STATIONARY     
----------------------------------------------------------------------------------------------------------------------------------
GPS: 7 fixes (ALIVE) | Accel: 393 samples (ALIVE) | Gyro: 393 samples

[00:39] FILTER COMPARISON (3-way)
----------------------------------------------------------------------------------------------------------------------------------
METRIC                    |       EKF 13D        |    ES-EKF 8D (DR)    |    COMPLEMENTARY    
----------------------------------------------------------------------------------------------------------------------------------
Velocity (m/s)            |    0.000 m/s       |    0.000 m/s        |    0.000 m/s      
Distance (m)              |     0.00 m         |     1.51 m          |     0.00 m       
Accel Magnitude (m/s²)    |    0.114 m/s²      |    0.000 m/s²       |    0.064 m/s²    
Status                    |      STATIONARY      |        MOVING        |      STATIONARY     
----------------------------------------------------------------------------------------------------------------------------------
GPS: 8 fixes (ALIVE) | Accel: 442 samples (ALIVE) | Gyro: 442 samples

[00:40] FILTER COMPARISON (3-way)
----------------------------------------------------------------------------------------------------------------------------------
METRIC                    |       EKF 13D        |    ES-EKF 8D (DR)    |    COMPLEMENTARY    
----------------------------------------------------------------------------------------------------------------------------------
Velocity (m/s)            |    0.000 m/s       |    0.000 m/s        |    0.000 m/s      
Distance (m)              |     0.00 m         |     1.51 m          |     0.00 m       
Accel Magnitude (m/s²)    |    0.006 m/s²      |    0.000 m/s²       |    0.000 m/s²    
Status                    |      STATIONARY      |        MOVING        |      STATIONARY     
----------------------------------------------------------------------------------------------------------------------------------
GPS: 8 fixes (ALIVE) | Accel: 490 samples (ALIVE) | Gyro: 490 samples

[00:41] FILTER COMPARISON (3-way)
----------------------------------------------------------------------------------------------------------------------------------
METRIC                    |       EKF 13D        |    ES-EKF 8D (DR)    |    COMPLEMENTARY    
----------------------------------------------------------------------------------------------------------------------------------
Velocity (m/s)            |    0.000 m/s       |    0.000 m/s        |    0.000 m/s      
Distance (m)              |     0.00 m         |     1.51 m          |     0.00 m       
Accel Magnitude (m/s²)    |    0.000 m/s²      |    0.000 m/s²       |    0.008 m/s²    
Status                    |      STATIONARY      |        MOVING        |      STATIONARY     
----------------------------------------------------------------------------------------------------------------------------------
GPS: 8 fixes (ALIVE) | Accel: 539 samples (ALIVE) | Gyro: 539 samples

[00:42] FILTER COMPARISON (3-way)
----------------------------------------------------------------------------------------------------------------------------------
METRIC                    |       EKF 13D        |    ES-EKF 8D (DR)    |    COMPLEMENTARY    
----------------------------------------------------------------------------------------------------------------------------------
Velocity (m/s)            |    0.000 m/s       |    0.000 m/s        |    0.000 m/s      
Distance (m)              |     0.00 m         |     1.51 m          |     0.00 m       
Accel Magnitude (m/s²)    |    0.000 m/s²      |    0.000 m/s²       |    0.000 m/s²    
Status                    |      STATIONARY      |        MOVING        |      STATIONARY     
----------------------------------------------------------------------------------------------------------------------------------
GPS: 8 fixes (ALIVE) | Accel: 588 samples (ALIVE) | Gyro: 588 samples

[00:43] FILTER COMPARISON (3-way)
----------------------------------------------------------------------------------------------------------------------------------
METRIC                    |       EKF 13D        |    ES-EKF 8D (DR)    |    COMPLEMENTARY    
----------------------------------------------------------------------------------------------------------------------------------
Velocity (m/s)            |    0.000 m/s       |    0.000 m/s        |    0.000 m/s      
Distance (m)              |     0.00 m         |     1.51 m          |     0.00 m       
Accel Magnitude (m/s²)    |    0.000 m/s²      |    0.000 m/s²       |    0.002 m/s²    
Status                    |      STATIONARY      |        MOVING        |      STATIONARY     
----------------------------------------------------------------------------------------------------------------------------------
GPS: 8 fixes (ALIVE) | Accel: 637 samples (ALIVE) | Gyro: 637 samples

[00:44] FILTER COMPARISON (3-way)
----------------------------------------------------------------------------------------------------------------------------------
METRIC                    |       EKF 13D        |    ES-EKF 8D (DR)    |    COMPLEMENTARY    
----------------------------------------------------------------------------------------------------------------------------------
Velocity (m/s)            |    0.000 m/s       |    0.000 m/s        |    0.000 m/s      
Distance (m)              |     0.00 m         |     1.67 m          |     0.00 m       
Accel Magnitude (m/s²)    |    0.000 m/s²      |    0.000 m/s²       |    0.000 m/s²    
Status                    |      STATIONARY      |        MOVING        |      STATIONARY     
----------------------------------------------------------------------------------------------------------------------------------
GPS: 9 fixes (ALIVE) | Accel: 685 samples (ALIVE) | Gyro: 685 samples[ACCEL_LOOP] Processed sample #2100
[GPS_LOOP] get_data() returned None (check #9), queue_size=0, queue_id=512030706960
[AccelDaemon] Parsed JSON #2200
[GyroDaemon] Transferred sample #2200: x=-0.0029
[GYRO_LOOP] Processed sample #2200
[GPS_LOOP] get_data() returned None (check #9), queue_size=0, queue_id=512030706960
[ACCEL_LOOP] Processed sample #2200
[GPS_LOOP] get_data() returned None (check #9), queue_size=0, queue_id=512030706960
[AccelDaemon] Parsed JSON #2300
[GPS_LOOP] get_data() returned None (check #9), queue_size=0, queue_id=512030706960
[GyroDaemon] Transferred sample #2300: x=0.0113
[GYRO_LOOP] Processed sample #2300
[GPS _read_loop] Fix #10 queued (lat=32.2160, queue_size=1, queue_id=512030706960)
[GPSDaemon] stderr: [GPS] ✓ Fix #10 acquired
[GPS_LOOP] ✓ get_data() SUCCESS (sample #9), lat=32.2160
[ACCEL_LOOP] Processed sample #2300
[GPS_LOOP] get_data() returned None (check #10), queue_size=0, queue_id=512030706960
[AccelDaemon] Parsed JSON #2400
[GyroDaemon] Transferred sample #2400: x=-0.0003
[GYRO_LOOP] Processed sample #2400
[GPS_LOOP] get_data() returned None (check #10), queue_size=0, queue_id=512030706960
[ACCEL_LOOP] Processed sample #2400
[GPS_LOOP] get_data() returned None (check #10), queue_size=0, queue_id=512030706960
[AccelDaemon] Parsed JSON #2500
[GyroDaemon] Transferred sample #2500: x=-0.0316
[GYRO_LOOP] Processed sample #2500
[GPS_LOOP] get_data() returned None (check #10), queue_size=0, queue_id=512030706960
[ACCEL_LOOP] Processed sample #2500


✓ Auto-saving data (3 GPS, 732 accel samples)...

[00:45] FILTER COMPARISON (3-way)
----------------------------------------------------------------------------------------------------------------------------------
METRIC                    |       EKF 13D        |    ES-EKF 8D (DR)    |    COMPLEMENTARY    
----------------------------------------------------------------------------------------------------------------------------------
Velocity (m/s)            |    0.000 m/s       |    0.000 m/s        |    0.000 m/s      
Distance (m)              |     0.00 m         |     1.67 m          |     0.00 m       
Accel Magnitude (m/s²)    |    0.022 m/s²      |    0.000 m/s²       |    0.000 m/s²    
Status                    |      STATIONARY      |        MOVING        |      STATIONARY     
----------------------------------------------------------------------------------------------------------------------------------
GPS: 9 fixes (ALIVE) | Accel: 732 samples (ALIVE) | Gyro: 732 samples
✓ Auto-saved (autosave #3): /data/data/com.termux/files/home/gojo/motion_tracker_v2/../motion_tracker_sessions/comparison_20251112_214341.json.gz | Total: 9 GPS + 2137 accel | Deques cleared

[00:46] FILTER COMPARISON (3-way)
----------------------------------------------------------------------------------------------------------------------------------
METRIC                    |       EKF 13D        |    ES-EKF 8D (DR)    |    COMPLEMENTARY    
----------------------------------------------------------------------------------------------------------------------------------
Velocity (m/s)            |    0.000 m/s       |    0.000 m/s        |    0.000 m/s      
Distance (m)              |     0.00 m         |     1.67 m          |     0.00 m       
Accel Magnitude (m/s²)    |    0.005 m/s²      |    0.000 m/s²       |    0.000 m/s²    
Status                    |      STATIONARY      |        MOVING        |      STATIONARY     
----------------------------------------------------------------------------------------------------------------------------------
GPS: 9 fixes (ALIVE) | Accel: 51 samples (ALIVE) | Gyro: 51 samples

[00:47] FILTER COMPARISON (3-way)
----------------------------------------------------------------------------------------------------------------------------------
METRIC                    |       EKF 13D        |    ES-EKF 8D (DR)    |    COMPLEMENTARY    
----------------------------------------------------------------------------------------------------------------------------------
Velocity (m/s)            |    0.000 m/s       |    0.000 m/s        |    0.000 m/s      
Distance (m)              |     0.00 m         |     1.67 m          |     0.00 m       
Accel Magnitude (m/s²)    |    0.005 m/s²      |    0.000 m/s²       |    0.006 m/s²    
Status                    |      STATIONARY      |        MOVING        |      STATIONARY     
----------------------------------------------------------------------------------------------------------------------------------
GPS: 9 fixes (ALIVE) | Accel: 100 samples (ALIVE) | Gyro: 100 samples

[00:48] FILTER COMPARISON (3-way)
----------------------------------------------------------------------------------------------------------------------------------
METRIC                    |       EKF 13D        |    ES-EKF 8D (DR)    |    COMPLEMENTARY    
----------------------------------------------------------------------------------------------------------------------------------
Velocity (m/s)            |    0.000 m/s       |    0.000 m/s        |    0.000 m/s      
Distance (m)              |     0.00 m         |     1.67 m          |     0.00 m       
Accel Magnitude (m/s²)    |    0.000 m/s²      |    0.000 m/s²       |    0.000 m/s²    
Status                    |      STATIONARY      |        MOVING        |      STATIONARY     
----------------------------------------------------------------------------------------------------------------------------------
GPS: 9 fixes (ALIVE) | Accel: 148 samples (ALIVE) | Gyro: 148 samples

[00:49] FILTER COMPARISON (3-way)
----------------------------------------------------------------------------------------------------------------------------------
METRIC                    |       EKF 13D        |    ES-EKF 8D (DR)    |    COMPLEMENTARY    
----------------------------------------------------------------------------------------------------------------------------------
Velocity (m/s)            |    0.000 m/s       |    0.000 m/s        |    0.000 m/s      
Distance (m)              |     0.00 m         |     1.89 m          |     0.00 m       
Accel Magnitude (m/s²)    |    0.002 m/s²      |    0.000 m/s²       |    0.001 m/s²    
Status                    |      STATIONARY      |        MOVING        |      STATIONARY     
----------------------------------------------------------------------------------------------------------------------------------
GPS: 10 fixes (ALIVE) | Accel: 197 samples (ALIVE) | Gyro: 197 samples

[00:50] FILTER COMPARISON (3-way)
----------------------------------------------------------------------------------------------------------------------------------
METRIC                    |       EKF 13D        |    ES-EKF 8D (DR)    |    COMPLEMENTARY    
----------------------------------------------------------------------------------------------------------------------------------
Velocity (m/s)            |    0.000 m/s       |    0.000 m/s        |    0.000 m/s      
Distance (m)              |     0.00 m         |     1.89 m          |     0.00 m       
Accel Magnitude (m/s²)    |    0.008 m/s²      |    0.000 m/s²       |    0.007 m/s²    
Status                    |      STATIONARY      |        MOVING        |      STATIONARY     
----------------------------------------------------------------------------------------------------------------------------------
GPS: 10 fixes (ALIVE) | Accel: 246 samples (ALIVE) | Gyro: 246 samples

[00:51] FILTER COMPARISON (3-way)
----------------------------------------------------------------------------------------------------------------------------------
METRIC                    |       EKF 13D        |    ES-EKF 8D (DR)    |    COMPLEMENTARY    
----------------------------------------------------------------------------------------------------------------------------------
Velocity (m/s)            |    0.000 m/s       |    0.000 m/s        |    0.000 m/s      
Distance (m)              |     0.00 m         |     1.89 m          |     0.00 m       
Accel Magnitude (m/s²)    |    0.012 m/s²      |    0.000 m/s²       |    0.013 m/s²    
Status                    |      STATIONARY      |        MOVING        |      STATIONARY     
----------------------------------------------------------------------------------------------------------------------------------
GPS: 10 fixes (ALIVE) | Accel: 295 samples (ALIVE) | Gyro: 295 samples

[00:52] FILTER COMPARISON (3-way)
----------------------------------------------------------------------------------------------------------------------------------
METRIC                    |       EKF 13D        |    ES-EKF 8D (DR)    |    COMPLEMENTARY    
----------------------------------------------------------------------------------------------------------------------------------
Velocity (m/s)            |    0.000 m/s       |    0.000 m/s        |    0.000 m/s      
Distance (m)              |     0.00 m         |     1.89 m          |     0.00 m       
Accel Magnitude (m/s²)    |    0.012 m/s²      |    0.000 m/s²       |    0.000 m/s²    
Status                    |      STATIONARY      |        MOVING        |      STATIONARY     
----------------------------------------------------------------------------------------------------------------------------------
GPS: 10 fixes (ALIVE) | Accel: 344 samples (ALIVE) | Gyro: 344 samples

[00:53] FILTER COMPARISON (3-way)
----------------------------------------------------------------------------------------------------------------------------------
METRIC                    |       EKF 13D        |    ES-EKF 8D (DR)    |    COMPLEMENTARY    
----------------------------------------------------------------------------------------------------------------------------------[GPS_LOOP] get_data() returned None (check #10), queue_size=0, queue_id=512030706960
[GPSDaemon] stderr: [GPS] ✓ Fix #11 acquired
[GPS _read_loop] Fix #11 queued (lat=32.2160, queue_size=1, queue_id=512030706960)
[GPS_LOOP] ✓ get_data() SUCCESS (sample #10), lat=32.2160
[GPS_LOOP] Queued sample #10 (lat=32.2160)
[AccelDaemon] Parsed JSON #2600
[GyroDaemon] Transferred sample #2600: x=0.0000
[GYRO_LOOP] Processed sample #2600
[ACCEL_LOOP] Processed sample #2600
[GPS_LOOP] get_data() returned None (check #11), queue_size=0, queue_id=512030706960
[GPS_LOOP] get_data() returned None (check #11), queue_size=0, queue_id=512030706960
[AccelDaemon] Parsed JSON #2700
[GyroDaemon] Transferred sample #2700: x=-0.0018
[GYRO_LOOP] Processed sample #2700
[ACCEL_LOOP] Processed sample #2700
[GPS_LOOP] get_data() returned None (check #11), queue_size=0, queue_id=512030706960
[GPS_LOOP] get_data() returned None (check #11), queue_size=0, queue_id=512030706960
[AccelDaemon] Parsed JSON #2800
[GyroDaemon] Transferred sample #2800: x=0.0027
[GYRO_LOOP] Processed sample #2800
[ACCEL_LOOP] Processed sample #2800
[GPS _read_loop] Fix #12 queued (lat=32.2160, queue_size=1, queue_id=512030706960)
[GPS_LOOP] ✓ get_data() SUCCESS (sample #11), lat=32.2160
[GPSDaemon] stderr: [GPS] ✓ Fix #12 acquired
[GPS_LOOP] get_data() returned None (check #12), queue_size=0, queue_id=512030706960
[AccelDaemon] Parsed JSON #2900
[GyroDaemon] Transferred sample #2900: x=-0.0005
[GYRO_LOOP] Processed sample #2900
[ACCEL_LOOP] Processed sample #2900
[GPS_LOOP] get_data() returned None (check #12), queue_size=0, queue_id=512030706960

Velocity (m/s)            |    0.000 m/s       |    0.000 m/s        |    0.000 m/s      
Distance (m)              |     0.00 m         |     1.89 m          |     0.00 m       
Accel Magnitude (m/s²)    |    0.017 m/s²      |    0.000 m/s²       |    0.018 m/s²    
Status                    |      STATIONARY      |        MOVING        |      STATIONARY     
----------------------------------------------------------------------------------------------------------------------------------
GPS: 10 fixes (ALIVE) | Accel: 392 samples (ALIVE) | Gyro: 392 samples

[00:54] FILTER COMPARISON (3-way)
----------------------------------------------------------------------------------------------------------------------------------
METRIC                    |       EKF 13D        |    ES-EKF 8D (DR)    |    COMPLEMENTARY    
----------------------------------------------------------------------------------------------------------------------------------
Velocity (m/s)            |    0.000 m/s       |    0.000 m/s        |    0.000 m/s      
Distance (m)              |     0.00 m         |     2.01 m          |     0.00 m       
Accel Magnitude (m/s²)    |    0.006 m/s²      |    0.000 m/s²       |    0.003 m/s²    
Status                    |      STATIONARY      |        MOVING        |      STATIONARY     
----------------------------------------------------------------------------------------------------------------------------------
GPS: 11 fixes (ALIVE) | Accel: 441 samples (ALIVE) | Gyro: 441 samples

[00:55] FILTER COMPARISON (3-way)
----------------------------------------------------------------------------------------------------------------------------------
METRIC                    |       EKF 13D        |    ES-EKF 8D (DR)    |    COMPLEMENTARY    
----------------------------------------------------------------------------------------------------------------------------------
Velocity (m/s)            |    0.000 m/s       |    0.000 m/s        |    0.000 m/s      
Distance (m)              |     0.00 m         |     2.01 m          |     0.00 m       
Accel Magnitude (m/s²)    |    0.016 m/s²      |    0.000 m/s²       |    0.023 m/s²    
Status                    |      STATIONARY      |        MOVING        |      STATIONARY     
----------------------------------------------------------------------------------------------------------------------------------
GPS: 11 fixes (ALIVE) | Accel: 490 samples (ALIVE) | Gyro: 490 samples

[00:56] FILTER COMPARISON (3-way)
----------------------------------------------------------------------------------------------------------------------------------
METRIC                    |       EKF 13D        |    ES-EKF 8D (DR)    |    COMPLEMENTARY    
----------------------------------------------------------------------------------------------------------------------------------
Velocity (m/s)            |    0.000 m/s       |    0.000 m/s        |    0.000 m/s      
Distance (m)              |     0.00 m         |     2.01 m          |     0.00 m       
Accel Magnitude (m/s²)    |    0.008 m/s²      |    0.000 m/s²       |    0.014 m/s²    
Status                    |      STATIONARY      |        MOVING        |      STATIONARY     
----------------------------------------------------------------------------------------------------------------------------------
GPS: 11 fixes (ALIVE) | Accel: 538 samples (ALIVE) | Gyro: 538 samples

[00:57] FILTER COMPARISON (3-way)
----------------------------------------------------------------------------------------------------------------------------------
METRIC                    |       EKF 13D        |    ES-EKF 8D (DR)    |    COMPLEMENTARY    
----------------------------------------------------------------------------------------------------------------------------------
Velocity (m/s)            |    0.000 m/s       |    0.000 m/s        |    0.000 m/s      
Distance (m)              |     0.00 m         |     2.01 m          |     0.00 m       
Accel Magnitude (m/s²)    |    0.018 m/s²      |    0.000 m/s²       |    0.026 m/s²    
Status                    |      STATIONARY      |        MOVING        |      STATIONARY     
----------------------------------------------------------------------------------------------------------------------------------
GPS: 11 fixes (ALIVE) | Accel: 587 samples (ALIVE) | Gyro: 587 samples

[00:58] FILTER COMPARISON (3-way)
----------------------------------------------------------------------------------------------------------------------------------
METRIC                    |       EKF 13D        |    ES-EKF 8D (DR)    |    COMPLEMENTARY    
----------------------------------------------------------------------------------------------------------------------------------
Velocity (m/s)            |    0.000 m/s       |    0.000 m/s        |    0.000 m/s      
Distance (m)              |     0.00 m         |     2.01 m          |     0.00 m       
Accel Magnitude (m/s²)    |    0.003 m/s²      |    0.000 m/s²       |    0.000 m/s²    
Status                    |      STATIONARY      |        MOVING        |      STATIONARY     
----------------------------------------------------------------------------------------------------------------------------------
GPS: 11 fixes (ALIVE) | Accel: 636 samples (ALIVE) | Gyro: 636 samples

[00:59] FILTER COMPARISON (3-way)
----------------------------------------------------------------------------------------------------------------------------------
METRIC                    |       EKF 13D        |    ES-EKF 8D (DR)    |    COMPLEMENTARY    
----------------------------------------------------------------------------------------------------------------------------------
Velocity (m/s)            |    0.000 m/s       |    0.000 m/s        |    0.000 m/s      
Distance (m)              |     0.00 m         |     2.14 m          |     0.00 m       
Accel Magnitude (m/s²)    |    0.009 m/s²      |    0.000 m/s²       |    0.011 m/s²    
Status                    |      STATIONARY      |        MOVING        |      STATIONARY     
----------------------------------------------------------------------------------------------------------------------------------
GPS: 12 fixes (ALIVE) | Accel: 685 samples (ALIVE) | Gyro: 685 samples

[01:00] FILTER COMPARISON (3-way)
----------------------------------------------------------------------------------------------------------------------------------
METRIC                    |       EKF 13D        |    ES-EKF 8D (DR)    |    COMPLEMENTARY    
----------------------------------------------------------------------------------------------------------------------------------
Velocity (m/s)            |    0.000 m/s       |    0.000 m/s        |    0.000 m/s      
Distance (m)              |     0.00 m         |     2.14 m          |     0.00 m       
Accel Magnitude (m/s²)    |    0.019 m/s²      |    0.000 m/s²       |    0.020 m/s²    
Status                    |      STATIONARY      |        MOVING        |      STATIONARY     
----------------------------------------------------------------------------------------------------------------------------------
GPS: 12 fixes (ALIVE) | Accel: 733 samples (ALIVE) | Gyro: 733 samples

✓ Auto-saving data (3 GPS, 734 accel samples)...
✓ Auto-saved (autosave #4): /data/data/com.termux/files/home/gojo/motion_tracker_v2/../motion_tracker_sessions/comparison_20251112_214341.json.gz | Total: 12 GPS + 2871 accel | Deques cleared

[01:01] FILTER COMPARISON (3-way)
----------------------------------------------------------------------------------------------------------------------------------
METRIC                    |       EKF 13D        |    ES-EKF 8D (DR)    |    COMPLEMENTARY    
----------------------------------------------------------------------------------------------------------------------------------
Velocity (m/s)            |    0.000 m/s       |    0.000 m/s        |    0.000 m/s      
Distance (m)              |     0.00 m         |     2.14 m          |     0.00 m       
Accel Magnitude (m/s²)    |    0.004 m/s²      |    0.000 m/s²       |    0.003 m/s²    [GPS_LOOP] get_data() returned None (check #12), queue_size=0, queue_id=512030706960
[AccelDaemon] Parsed JSON #3000
[GyroDaemon] Transferred sample #3000: x=-0.0012
[GYRO_LOOP] Processed sample #3000
[ACCEL_LOOP] Processed sample #3000
[GPS_LOOP] get_data() returned None (check #12), queue_size=0, queue_id=512030706960
[GPS _read_loop] Fix #13 queued (lat=32.2160, queue_size=1, queue_id=512030706960)
[GPSDaemon] stderr: [GPS] ✓ Fix #13 acquired
[GPS_LOOP] ✓ get_data() SUCCESS (sample #12), lat=32.2160
[AccelDaemon] Parsed JSON #3100
[GyroDaemon] Transferred sample #3100: x=-0.0005
[GYRO_LOOP] Processed sample #3100
[ACCEL_LOOP] Processed sample #3100
[GPS_LOOP] get_data() returned None (check #13), queue_size=0, queue_id=512030706960
[01:05] STATUS: Memory=94.8MB (peak=94.8MB) | GPS=   1 (ALIVE) | Accel=  233 (ALIVE) | Gyro=  233

[DEBUG] Loop exited after 65.8s. Stop event: False, Time check: False
[AccelDaemon] Read loop exited. Parsed 3144 JSON objects, 50267 lines total
[COMP_THREAD] Exited after processing {'accel': 3120, 'gps': 12}
[EKF_THREAD] Exited after processing {'accel': 3120, 'gps': 12, 'gyro': 3137}
[ES_EKF_THREAD] Exited after processing {'accel': 3120, 'gps': 12, 'gyro': 3138}
[GYRO_LOOP] Exited after processing 3142 samples
[GPS_LOOP] get_data() returned None (check #13), queue_size=0, queue_id=512030706960
[GPS _read_loop] Thread exiting (fixes_queued=13)

Status                    |      STATIONARY      |        MOVING        |      STATIONARY     
----------------------------------------------------------------------------------------------------------------------------------
GPS: 12 fixes (ALIVE) | Accel: 48 samples (ALIVE) | Gyro: 48 samples

[01:02] FILTER COMPARISON (3-way)
----------------------------------------------------------------------------------------------------------------------------------
METRIC                    |       EKF 13D        |    ES-EKF 8D (DR)    |    COMPLEMENTARY    
----------------------------------------------------------------------------------------------------------------------------------
Velocity (m/s)            |    0.000 m/s       |    0.000 m/s        |    0.000 m/s      
Distance (m)              |     0.00 m         |     2.14 m          |     0.00 m       
Accel Magnitude (m/s²)    |    0.003 m/s²      |    0.000 m/s²       |    0.001 m/s²    
Status                    |      STATIONARY      |        MOVING        |      STATIONARY     
----------------------------------------------------------------------------------------------------------------------------------
GPS: 12 fixes (ALIVE) | Accel: 97 samples (ALIVE) | Gyro: 97 samples

[01:03] FILTER COMPARISON (3-way)
----------------------------------------------------------------------------------------------------------------------------------
METRIC                    |       EKF 13D        |    ES-EKF 8D (DR)    |    COMPLEMENTARY    
----------------------------------------------------------------------------------------------------------------------------------
Velocity (m/s)            |    0.000 m/s       |    0.000 m/s        |    0.000 m/s      
Distance (m)              |     0.00 m         |     2.14 m          |     0.00 m       
Accel Magnitude (m/s²)    |    0.006 m/s²      |    0.000 m/s²       |    0.006 m/s²    
Status                    |      STATIONARY      |        MOVING        |      STATIONARY     
----------------------------------------------------------------------------------------------------------------------------------
GPS: 12 fixes (ALIVE) | Accel: 146 samples (ALIVE) | Gyro: 146 samples

[01:04] FILTER COMPARISON (3-way)
----------------------------------------------------------------------------------------------------------------------------------
METRIC                    |       EKF 13D        |    ES-EKF 8D (DR)    |    COMPLEMENTARY    
----------------------------------------------------------------------------------------------------------------------------------
Velocity (m/s)            |    0.000 m/s       |    0.000 m/s        |    0.000 m/s      
Distance (m)              |     0.00 m         |     2.20 m          |     0.00 m       
Accel Magnitude (m/s²)    |    0.001 m/s²      |    0.000 m/s²       |    0.000 m/s²    
Status                    |      STATIONARY      |        MOVING        |      STATIONARY     
----------------------------------------------------------------------------------------------------------------------------------
GPS: 13 fixes (ALIVE) | Accel: 194 samples (ALIVE) | Gyro: 194 samples

[01:05] 13D GYRO-EKF METRICS
===========================================================================
Bias Magnitude:      0.002489 rad/s  [✓ CONVERGING]
  └─ Converged at: 5.4s
  └─ Stability (σ):  0.000572 rad/s

Quaternion Norm:     1.000000  [✓ HEALTHY]
  └─ Error:          0.000000

Gyro Residual:       0.006608 rad/s
  └─ Std Dev:        0.003219 rad/s

Incident Detection:
  Hard Braking:        0 events
  Swerving:           12 events

Overall Status:      ✓ HEALTHY
===========================================================================

[01:05] FILTER COMPARISON (3-way)
----------------------------------------------------------------------------------------------------------------------------------
METRIC                    |       EKF 13D        |    ES-EKF 8D (DR)    |    COMPLEMENTARY    
----------------------------------------------------------------------------------------------------------------------------------
Velocity (m/s)            |    0.000 m/s       |    0.000 m/s        |    0.000 m/s      
Distance (m)              |     0.00 m         |     2.20 m          |     0.00 m       
Accel Magnitude (m/s²)    |    0.004 m/s²      |    0.000 m/s²       |    0.004 m/s²    
Status                    |      STATIONARY      |        MOVING        |      STATIONARY     
----------------------------------------------------------------------------------------------------------------------------------
GPS: 13 fixes (ALIVE) | Accel: 243 samples (ALIVE) | Gyro: 243 samples

✓ Final save data assembly:
  Accumulated GPS: 12
  Current deque GPS: 1
  Final GPS: 13
  Accumulated Accel: 2871
  Current deque Accel: 249
  Final Accel: 3120
✓ Validation metrics saved to: /data/data/com.termux/files/home/gojo/motion_tracker_v2/../motion_tracker_sessions/metrics_20251112_214341.json

✓ Final results saved:
  /data/data/com.termux/files/home/gojo/motion_tracker_v2/../motion_tracker_sessions/comparison_20251112_214341.json
  /data/data/com.termux/files/home/gojo/motion_tracker_v2/../motion_tracker_sessions/comparison_20251112_214341.json.gz
✓ Peak memory usage: 94.8 MB
✓ Multi-track GPX saved: /data/data/com.termux/files/home/gojo/motion_tracker_v2/../motion_tracker_sessions/comparison_20251112_214341.gpx

====================================================================================================
FINAL COMPARISON SUMMARY
====================================================================================================

Distance Accuracy (vs GPS ground truth):
  GPS Distance (Haversine): 0.00 m
  EKF Distance:             0.00 m (Error: 0.00%)
  Complementary Distance:   0.00 m (Error: 0.00%)

  ⚠ Complementary has zero error; EKF has 0.00% error

Final Velocities:
  EKF:           0.000 m/s
  Complementary: 0.000 m/s

Gyroscope Statistics:
  Total samples:  249
  X-rotation (rad/s):  mean=-0.0006, max=0.0023
  Y-rotation (rad/s):  mean=0.0016, max=0.0202
  Z-rotation (rad/s):  mean=-0.0006, max=0.0000
  Overall magnitude:   mean=0.0064, max=0.0205

====================================================================================================

[1;33mTest finished, performing final cleanup...[0m
[1;33mReleasing wakelock...[0m
[0;32m✓ Wakelock released[0m
[1;33mCleaning up sensor processes...[0m
[0;32m✓ Sensor cleanup complete[0m
[0;32m✓ Test completed successfully[0m
