=== Ping Tracker Monitor Started at Mon Oct 20 21:31:43 MST 2025 ===

=== Check-in 1 at Mon Oct 20 21:47:45 MST 2025 ===
[  10] ✓     30.0ms | Elapsed: 0.15h
[  11] ✓    119.0ms | Elapsed: 0.17h
[  12] ✓     57.1ms | Elapsed: 0.18h
[  13] ✓     31.0ms | Elapsed: 0.20h
[  14] ✓     43.1ms | Elapsed: 0.22h
[  15] ✓     42.9ms | Elapsed: 0.23h
[  16] ✓     17.0ms | Elapsed: 0.25h
[  17] ✓     38.4ms | Elapsed: 0.27h
[  18] ✓     90.8ms | Elapsed: 0.28h
[  19] ✓     83.7ms | Elapsed: 0.30h
[  20] ✓     71.3ms | Elapsed: 0.32h
[  21] ✓     27.7ms | Elapsed: 0.33h
[  22] ✓     27.1ms | Elapsed: 0.35h
[  23] ✓     56.8ms | Elapsed: 0.37h
[  24] ✓     29.5ms | Elapsed: 0.38h
[  25] ✓     84.1ms | Elapsed: 0.40h
[  26] ✓     29.3ms | Elapsed: 0.42h
[  27] ✓     54.2ms | Elapsed: 0.43h
[  28] ✓     81.1ms | Elapsed: 0.45h
[  29] ✓     29.5ms | Elapsed: 0.47h
[  30] ✓     32.9ms | Elapsed: 0.50h
[  31] ✓     37.6ms | Elapsed: 0.52h
[  32] ✓     63.4ms | Elapsed: 0.53h


=== Check-in 2 at Mon Oct 20 22:08:07 MST 2025 ===
[  25] ✓     84.1ms | Elapsed: 0.40h
[  26] ✓     29.3ms | Elapsed: 0.42h
[  27] ✓     54.2ms | Elapsed: 0.43h
[  28] ✓     81.1ms | Elapsed: 0.45h
[  29] ✓     29.5ms | Elapsed: 0.47h
[  30] ✓     32.9ms | Elapsed: 0.50h
[  31] ✓     37.6ms | Elapsed: 0.52h
[  32] ✓     63.4ms | Elapsed: 0.53h
[  33] ✓     75.8ms | Elapsed: 0.55h
[  34] ✓     72.6ms | Elapsed: 0.57h
[  35] ✓     29.9ms | Elapsed: 0.58h
[  36] ✓     36.9ms | Elapsed: 0.60h
[  37] ✓     45.2ms | Elapsed: 0.62h
[  38] ✓     73.0ms | Elapsed: 0.63h
[  39] ✓     60.7ms | Elapsed: 0.65h
[  40] ✓     59.1ms | Elapsed: 0.70h
[  41] ✓     87.3ms | Elapsed: 0.77h
[  42] ✓     81.0ms | Elapsed: 0.79h
[  43] ✓     74.2ms | Elapsed: 0.81h
[  44] ✓     72.2ms | Elapsed: 0.82h
[  45] ✓     68.4ms | Elapsed: 0.84h
[  46] ✓     79.9ms | Elapsed: 0.86h
[  47] ✓     74.5ms | Elapsed: 0.87h


=== Check-in 3 at Mon Oct 20 22:36:24 MST 2025 ===
[  40] ✓     59.1ms | Elapsed: 0.70h
[  41] ✓     87.3ms | Elapsed: 0.77h
[  42] ✓     81.0ms | Elapsed: 0.79h
[  43] ✓     74.2ms | Elapsed: 0.81h
[  44] ✓     72.2ms | Elapsed: 0.82h
[  45] ✓     68.4ms | Elapsed: 0.84h
[  46] ✓     79.9ms | Elapsed: 0.86h
[  47] ✓     74.5ms | Elapsed: 0.87h
[  48] ✓     77.8ms | Elapsed: 0.89h
[  49] ✓     74.3ms | Elapsed: 0.91h
[  50] ✓     74.5ms | Elapsed: 0.92h
[  51] ✓     38.5ms | Elapsed: 1.02h
[  52] ✓     42.4ms | Elapsed: 1.18h
[  53] ✓     51.6ms | Elapsed: 1.20h
[  54] ✓     28.5ms | Elapsed: 1.21h
[  55] ✓     14.2ms | Elapsed: 1.23h
[  56] ✓    106.0ms | Elapsed: 1.25h
[  57] ✓     32.0ms | Elapsed: 1.26h
[  58] ✓     56.6ms | Elapsed: 1.28h
[  59] ✓     62.8ms | Elapsed: 1.30h
[  60] ✓     50.0ms | Elapsed: 1.31h
[  61] ✓     70.4ms | Elapsed: 1.33h
[  62] ✓     67.5ms | Elapsed: 1.35h


=== Check-in 4 at Mon Oct 20 22:51:25 MST 2025 ===
[  55] ✓     14.2ms | Elapsed: 1.23h
[  56] ✓    106.0ms | Elapsed: 1.25h
[  57] ✓     32.0ms | Elapsed: 1.26h
[  58] ✓     56.6ms | Elapsed: 1.28h
[  59] ✓     62.8ms | Elapsed: 1.30h
[  60] ✓     50.0ms | Elapsed: 1.31h
[  61] ✓     70.4ms | Elapsed: 1.33h
[  62] ✓     67.5ms | Elapsed: 1.35h
[  63] ✓     70.9ms | Elapsed: 1.36h
[  64] ✓     56.8ms | Elapsed: 1.38h
[  65] ✓     55.7ms | Elapsed: 1.40h
[  66] ✓     55.2ms | Elapsed: 1.41h
[  67] ✓     59.9ms | Elapsed: 1.43h
[  68] ✓     57.8ms | Elapsed: 1.45h
[  69] ✓     48.1ms | Elapsed: 1.46h
[  70] ✓     60.4ms | Elapsed: 1.48h
[  71] ✓     71.2ms | Elapsed: 1.50h
[  72] ✓     57.0ms | Elapsed: 1.51h
[  73] ✓     47.1ms | Elapsed: 1.53h
[  74] ✓     47.4ms | Elapsed: 1.55h
[  75] ✓     53.3ms | Elapsed: 1.56h
[  76] ✓     51.7ms | Elapsed: 1.58h
[  77] ✓    138.0ms | Elapsed: 1.60h


=== Check-in 5 at Mon Oct 20 23:06:25 MST 2025 ===
[  70] ✓     60.4ms | Elapsed: 1.48h
[  71] ✓     71.2ms | Elapsed: 1.50h
[  72] ✓     57.0ms | Elapsed: 1.51h
[  73] ✓     47.1ms | Elapsed: 1.53h
[  74] ✓     47.4ms | Elapsed: 1.55h
[  75] ✓     53.3ms | Elapsed: 1.56h
[  76] ✓     51.7ms | Elapsed: 1.58h
[  77] ✓    138.0ms | Elapsed: 1.60h
[  78] ✓     52.2ms | Elapsed: 1.61h
[  79] ✓    125.0ms | Elapsed: 1.63h
[  80] ✓     15.1ms | Elapsed: 1.65h
[  81] ✓     76.6ms | Elapsed: 1.66h
[  82] ✓     47.8ms | Elapsed: 1.68h
[  83] ✓     58.0ms | Elapsed: 1.70h
[  84] ✓     84.5ms | Elapsed: 1.71h
[  85] ✓     41.1ms | Elapsed: 1.73h
[  86] ✓     37.7ms | Elapsed: 1.75h
[  87] ✓     33.6ms | Elapsed: 1.76h
[  88] ✓     69.4ms | Elapsed: 1.78h
[  89] ✓     35.0ms | Elapsed: 1.80h
[  90] ✓     20.2ms | Elapsed: 1.81h
[  91] ✓     29.1ms | Elapsed: 1.83h
[  92] ✓     25.0ms | Elapsed: 1.85h


=== Check-in 6 at Mon Oct 20 23:21:25 MST 2025 ===

=== Check-in 7 at Mon Oct 20 23:36:25 MST 2025 ===

=== Check-in 8 at Mon Oct 20 23:51:25 MST 2025 ===

=== Monitoring complete at Mon Oct 20 23:51:25 MST 2025 ===
